The target system is: Generic -  - 
The host system is: Linux - 5.15.0-56-generic - x86_64
Compiling the C compiler identification source file "CMakeCCompilerId.c" succeeded.
Compiler: /home/kalata23/.espressif/tools/xtensa-esp32s2-elf/esp-12.2.0_20230208/xtensa-esp32s2-elf/bin/xtensa-esp32s2-elf-gcc 
Build flags: -mlongcalls;
Id flags:  

The output was:
0


Compilation of the C compiler identification source "CMakeCCompilerId.c" produced "a.out"

The C compiler identification is GNU, found in "/home/kalata23/github/esp32s2-cookbook/ch32v003programmer/bootloader/CMakeFiles/3.25.1/CompilerIdC/a.out"

Compiling the CXX compiler identification source file "CMakeCXXCompilerId.cpp" succeeded.
Compiler: /home/kalata23/.espressif/tools/xtensa-esp32s2-elf/esp-12.2.0_20230208/xtensa-esp32s2-elf/bin/xtensa-esp32s2-elf-g++ 
Build flags: -mlongcalls;
Id flags:  

The output was:
0


Compilation of the CXX compiler identification source "CMakeCXXCompilerId.cpp" produced "a.out"

The CXX compiler identification is GNU, found in "/home/kalata23/github/esp32s2-cookbook/ch32v003programmer/bootloader/CMakeFiles/3.25.1/CompilerIdCXX/a.out"

Checking whether the ASM compiler is GNU using "--version" matched "(GNU assembler)|(GCC)|(Free Software Foundation)":
xtensa-esp32s2-elf-gcc (crosstool-NG esp-12.2.0_20230208) 12.2.0
Copyright (C) 2022 Free Software Foundation, Inc.
This is free software; see the source for copying conditions.  There is NO
warranty; not even for MERCHANTABILITY or FITNESS FOR A PARTICULAR PURPOSE.

Detecting C compiler ABI info compiled with the following output:
Change Dir: /home/kalata23/github/esp32s2-cookbook/ch32v003programmer/bootloader/CMakeFiles/CMakeScratch/TryCompile-F26dj6

Run Build Command(s):/usr/bin/gmake -f Makefile cmTC_ce79a/fast && gmake[3]: Entering directory '/home/kalata23/github/esp32s2-cookbook/ch32v003programmer/bootloader/CMakeFiles/CMakeScratch/TryCompile-F26dj6'
/usr/bin/gmake  -f CMakeFiles/cmTC_ce79a.dir/build.make CMakeFiles/cmTC_ce79a.dir/build
gmake[4]: Entering directory '/home/kalata23/github/esp32s2-cookbook/ch32v003programmer/bootloader/CMakeFiles/CMakeScratch/TryCompile-F26dj6'
Building C object CMakeFiles/cmTC_ce79a.dir/CMakeCCompilerABI.c.obj
/home/kalata23/.espressif/tools/xtensa-esp32s2-elf/esp-12.2.0_20230208/xtensa-esp32s2-elf/bin/xtensa-esp32s2-elf-gcc   -mlongcalls     -v -o CMakeFiles/cmTC_ce79a.dir/CMakeCCompilerABI.c.obj -c /usr/share/cmake-3.25/Modules/CMakeCCompilerABI.c
Using built-in specs.
COLLECT_GCC=/home/kalata23/.espressif/tools/xtensa-esp32s2-elf/esp-12.2.0_20230208/xtensa-esp32s2-elf/bin/xtensa-esp32s2-elf-gcc
Target: xtensa-esp32s2-elf
Configured with: /builds/idf/crosstool-NG/.build/xtensa-esp32s2-elf/src/gcc/configure --build=x86_64-build_pc-linux-gnu --host=x86_64-build_pc-linux-gnu --target=xtensa-esp32s2-elf --prefix=/builds/idf/crosstool-NG/builds/xtensa-esp32s2-elf --exec_prefix=/builds/idf/crosstool-NG/builds/xtensa-esp32s2-elf --with-local-prefix=/builds/idf/crosstool-NG/builds/xtensa-esp32s2-elf/xtensa-esp32s2-elf --with-headers=/builds/idf/crosstool-NG/builds/xtensa-esp32s2-elf/xtensa-esp32s2-elf/include --with-newlib --enable-threads=no --disable-shared --with-pkgversion='crosstool-NG esp-12.2.0_20230208' --disable-__cxa_atexit --enable-cxx-flags=-ffunction-sections --disable-libgomp --disable-libmudflap --disable-libmpx --disable-libssp --disable-libquadmath --disable-libquadmath-support --disable-libstdcxx-verbose --with-gmp=/builds/idf/crosstool-NG/.build/xtensa-esp32s2-elf/buildtools --with-mpfr=/builds/idf/crosstool-NG/.build/xtensa-esp32s2-elf/buildtools --with-mpc=/builds/idf/crosstool-NG/.build/xtensa-esp32s2-elf/buildtools --with-isl=/builds/idf/crosstool-NG/.build/xtensa-esp32s2-elf/buildtools --enable-lto --enable-target-optspace --without-long-double-128 --disable-nls --enable-multiarch --enable-languages=c,c++ --disable-libstdcxx-verbose --enable-threads=posix --enable-gcov-custom-rtio --enable-libstdcxx-time=yes
Thread model: posix
Supported LTO compression algorithms: zlib
gcc version 12.2.0 (crosstool-NG esp-12.2.0_20230208) 
COLLECT_GCC_OPTIONS='-mlongcalls' '-v' '-o' 'CMakeFiles/cmTC_ce79a.dir/CMakeCCompilerABI.c.obj' '-c' '-dumpdir' 'CMakeFiles/cmTC_ce79a.dir/'
 /home/kalata23/.espressif/tools/xtensa-esp32s2-elf/esp-12.2.0_20230208/xtensa-esp32s2-elf/bin/../libexec/gcc/xtensa-esp32s2-elf/12.2.0/cc1 -quiet -v -iprefix /home/kalata23/.espressif/tools/xtensa-esp32s2-elf/esp-12.2.0_20230208/xtensa-esp32s2-elf/bin/../lib/gcc/xtensa-esp32s2-elf/12.2.0/ /usr/share/cmake-3.25/Modules/CMakeCCompilerABI.c -quiet -dumpdir CMakeFiles/cmTC_ce79a.dir/ -dumpbase CMakeCCompilerABI.c.c -dumpbase-ext .c -mlongcalls -version -o /tmp/ccZ4TxmL.s
GNU C17 (crosstool-NG esp-12.2.0_20230208) version 12.2.0 (xtensa-esp32s2-elf)
	compiled by GNU C version 4.9.2, GMP version 6.2.1, MPFR version 4.1.0, MPC version 1.2.1, isl version isl-0.24-GMP

GGC heuristics: --param ggc-min-expand=100 --param ggc-min-heapsize=131072
ignoring duplicate directory "/home/kalata23/.espressif/tools/xtensa-esp32s2-elf/esp-12.2.0_20230208/xtensa-esp32s2-elf/bin/../lib/gcc/../../lib/gcc/xtensa-esp32s2-elf/12.2.0/include"
ignoring duplicate directory "/home/kalata23/.espressif/tools/xtensa-esp32s2-elf/esp-12.2.0_20230208/xtensa-esp32s2-elf/bin/../lib/gcc/../../lib/gcc/xtensa-esp32s2-elf/12.2.0/include-fixed"
ignoring duplicate directory "/home/kalata23/.espressif/tools/xtensa-esp32s2-elf/esp-12.2.0_20230208/xtensa-esp32s2-elf/bin/../lib/gcc/../../lib/gcc/xtensa-esp32s2-elf/12.2.0/../../../../xtensa-esp32s2-elf/sys-include"
ignoring duplicate directory "/home/kalata23/.espressif/tools/xtensa-esp32s2-elf/esp-12.2.0_20230208/xtensa-esp32s2-elf/bin/../lib/gcc/../../lib/gcc/xtensa-esp32s2-elf/12.2.0/../../../../xtensa-esp32s2-elf/include"
#include "..." search starts here:
#include <...> search starts here:
 /home/kalata23/.espressif/tools/xtensa-esp32s2-elf/esp-12.2.0_20230208/xtensa-esp32s2-elf/bin/../lib/gcc/xtensa-esp32s2-elf/12.2.0/include
 /home/kalata23/.espressif/tools/xtensa-esp32s2-elf/esp-12.2.0_20230208/xtensa-esp32s2-elf/bin/../lib/gcc/xtensa-esp32s2-elf/12.2.0/include-fixed
 /home/kalata23/.espressif/tools/xtensa-esp32s2-elf/esp-12.2.0_20230208/xtensa-esp32s2-elf/bin/../lib/gcc/xtensa-esp32s2-elf/12.2.0/../../../../xtensa-esp32s2-elf/sys-include
 /home/kalata23/.espressif/tools/xtensa-esp32s2-elf/esp-12.2.0_20230208/xtensa-esp32s2-elf/bin/../lib/gcc/xtensa-esp32s2-elf/12.2.0/../../../../xtensa-esp32s2-elf/include
End of search list.
GNU C17 (crosstool-NG esp-12.2.0_20230208) version 12.2.0 (xtensa-esp32s2-elf)
	compiled by GNU C version 4.9.2, GMP version 6.2.1, MPFR version 4.1.0, MPC version 1.2.1, isl version isl-0.24-GMP

GGC heuristics: --param ggc-min-expand=100 --param ggc-min-heapsize=131072
Compiler executable checksum: f9e1a8db536f9c2ee6f9fe56b21d3d42
COLLECT_GCC_OPTIONS='-mlongcalls' '-v' '-o' 'CMakeFiles/cmTC_ce79a.dir/CMakeCCompilerABI.c.obj' '-c' '-dumpdir' 'CMakeFiles/cmTC_ce79a.dir/'
 /home/kalata23/.espressif/tools/xtensa-esp32s2-elf/esp-12.2.0_20230208/xtensa-esp32s2-elf/bin/../lib/gcc/xtensa-esp32s2-elf/12.2.0/../../../../xtensa-esp32s2-elf/bin/as --traditional-format --longcalls -o CMakeFiles/cmTC_ce79a.dir/CMakeCCompilerABI.c.obj /tmp/ccZ4TxmL.s
COMPILER_PATH=/home/kalata23/.espressif/tools/xtensa-esp32s2-elf/esp-12.2.0_20230208/xtensa-esp32s2-elf/bin/../libexec/gcc/xtensa-esp32s2-elf/12.2.0/:/home/kalata23/.espressif/tools/xtensa-esp32s2-elf/esp-12.2.0_20230208/xtensa-esp32s2-elf/bin/../libexec/gcc/:/home/kalata23/.espressif/tools/xtensa-esp32s2-elf/esp-12.2.0_20230208/xtensa-esp32s2-elf/bin/../lib/gcc/xtensa-esp32s2-elf/12.2.0/../../../../xtensa-esp32s2-elf/bin/
LIBRARY_PATH=/home/kalata23/.espressif/tools/xtensa-esp32s2-elf/esp-12.2.0_20230208/xtensa-esp32s2-elf/bin/../lib/gcc/xtensa-esp32s2-elf/12.2.0/:/home/kalata23/.espressif/tools/xtensa-esp32s2-elf/esp-12.2.0_20230208/xtensa-esp32s2-elf/bin/../lib/gcc/:/home/kalata23/.espressif/tools/xtensa-esp32s2-elf/esp-12.2.0_20230208/xtensa-esp32s2-elf/bin/../lib/gcc/xtensa-esp32s2-elf/12.2.0/../../../../xtensa-esp32s2-elf/lib/
COLLECT_GCC_OPTIONS='-mlongcalls' '-v' '-o' 'CMakeFiles/cmTC_ce79a.dir/CMakeCCompilerABI.c.obj' '-c' '-dumpdir' 'CMakeFiles/cmTC_ce79a.dir/CMakeCCompilerABI.c.'
Linking C executable cmTC_ce79a
/usr/bin/cmake -E cmake_link_script CMakeFiles/cmTC_ce79a.dir/link.txt --verbose=1
/home/kalata23/.espressif/tools/xtensa-esp32s2-elf/esp-12.2.0_20230208/xtensa-esp32s2-elf/bin/xtensa-esp32s2-elf-gcc -mlongcalls    -v CMakeFiles/cmTC_ce79a.dir/CMakeCCompilerABI.c.obj -o cmTC_ce79a 
Using built-in specs.
COLLECT_GCC=/home/kalata23/.espressif/tools/xtensa-esp32s2-elf/esp-12.2.0_20230208/xtensa-esp32s2-elf/bin/xtensa-esp32s2-elf-gcc
COLLECT_LTO_WRAPPER=/home/kalata23/.espressif/tools/xtensa-esp32s2-elf/esp-12.2.0_20230208/xtensa-esp32s2-elf/bin/../libexec/gcc/xtensa-esp32s2-elf/12.2.0/lto-wrapper
Target: xtensa-esp32s2-elf
Configured with: /builds/idf/crosstool-NG/.build/xtensa-esp32s2-elf/src/gcc/configure --build=x86_64-build_pc-linux-gnu --host=x86_64-build_pc-linux-gnu --target=xtensa-esp32s2-elf --prefix=/builds/idf/crosstool-NG/builds/xtensa-esp32s2-elf --exec_prefix=/builds/idf/crosstool-NG/builds/xtensa-esp32s2-elf --with-local-prefix=/builds/idf/crosstool-NG/builds/xtensa-esp32s2-elf/xtensa-esp32s2-elf --with-headers=/builds/idf/crosstool-NG/builds/xtensa-esp32s2-elf/xtensa-esp32s2-elf/include --with-newlib --enable-threads=no --disable-shared --with-pkgversion='crosstool-NG esp-12.2.0_20230208' --disable-__cxa_atexit --enable-cxx-flags=-ffunction-sections --disable-libgomp --disable-libmudflap --disable-libmpx --disable-libssp --disable-libquadmath --disable-libquadmath-support --disable-libstdcxx-verbose --with-gmp=/builds/idf/crosstool-NG/.build/xtensa-esp32s2-elf/buildtools --with-mpfr=/builds/idf/crosstool-NG/.build/xtensa-esp32s2-elf/buildtools --with-mpc=/builds/idf/crosstool-NG/.build/xtensa-esp32s2-elf/buildtools --with-isl=/builds/idf/crosstool-NG/.build/xtensa-esp32s2-elf/buildtools --enable-lto --enable-target-optspace --without-long-double-128 --disable-nls --enable-multiarch --enable-languages=c,c++ --disable-libstdcxx-verbose --enable-threads=posix --enable-gcov-custom-rtio --enable-libstdcxx-time=yes
Thread model: posix
Supported LTO compression algorithms: zlib
gcc version 12.2.0 (crosstool-NG esp-12.2.0_20230208) 
COMPILER_PATH=/home/kalata23/.espressif/tools/xtensa-esp32s2-elf/esp-12.2.0_20230208/xtensa-esp32s2-elf/bin/../libexec/gcc/xtensa-esp32s2-elf/12.2.0/:/home/kalata23/.espressif/tools/xtensa-esp32s2-elf/esp-12.2.0_20230208/xtensa-esp32s2-elf/bin/../libexec/gcc/:/home/kalata23/.espressif/tools/xtensa-esp32s2-elf/esp-12.2.0_20230208/xtensa-esp32s2-elf/bin/../lib/gcc/xtensa-esp32s2-elf/12.2.0/../../../../xtensa-esp32s2-elf/bin/
LIBRARY_PATH=/home/kalata23/.espressif/tools/xtensa-esp32s2-elf/esp-12.2.0_20230208/xtensa-esp32s2-elf/bin/../lib/gcc/xtensa-esp32s2-elf/12.2.0/:/home/kalata23/.espressif/tools/xtensa-esp32s2-elf/esp-12.2.0_20230208/xtensa-esp32s2-elf/bin/../lib/gcc/:/home/kalata23/.espressif/tools/xtensa-esp32s2-elf/esp-12.2.0_20230208/xtensa-esp32s2-elf/bin/../lib/gcc/xtensa-esp32s2-elf/12.2.0/../../../../xtensa-esp32s2-elf/lib/
COLLECT_GCC_OPTIONS='-mlongcalls' '-v' '-o' 'cmTC_ce79a' '-dumpdir' 'cmTC_ce79a.'
 /home/kalata23/.espressif/tools/xtensa-esp32s2-elf/esp-12.2.0_20230208/xtensa-esp32s2-elf/bin/../libexec/gcc/xtensa-esp32s2-elf/12.2.0/collect2 -plugin /home/kalata23/.espressif/tools/xtensa-esp32s2-elf/esp-12.2.0_20230208/xtensa-esp32s2-elf/bin/../libexec/gcc/xtensa-esp32s2-elf/12.2.0/liblto_plugin.so -plugin-opt=/home/kalata23/.espressif/tools/xtensa-esp32s2-elf/esp-12.2.0_20230208/xtensa-esp32s2-elf/bin/../libexec/gcc/xtensa-esp32s2-elf/12.2.0/lto-wrapper -plugin-opt=-fresolution=/tmp/ccSY4clX.res -plugin-opt=-pass-through=-lgcc -plugin-opt=-pass-through=-lc -plugin-opt=-pass-through=-lnosys -plugin-opt=-pass-through=-lc -plugin-opt=-pass-through=-lgcc -o cmTC_ce79a /home/kalata23/.espressif/tools/xtensa-esp32s2-elf/esp-12.2.0_20230208/xtensa-esp32s2-elf/bin/../lib/gcc/xtensa-esp32s2-elf/12.2.0/../../../../xtensa-esp32s2-elf/lib/crt0.o /home/kalata23/.espressif/tools/xtensa-esp32s2-elf/esp-12.2.0_20230208/xtensa-esp32s2-elf/bin/../lib/gcc/xtensa-esp32s2-elf/12.2.0/crti.o /home/kalata23/.espressif/tools/xtensa-esp32s2-elf/esp-12.2.0_20230208/xtensa-esp32s2-elf/bin/../lib/gcc/xtensa-esp32s2-elf/12.2.0/crtbegin.o -L/home/kalata23/.espressif/tools/xtensa-esp32s2-elf/esp-12.2.0_20230208/xtensa-esp32s2-elf/bin/../lib/gcc/xtensa-esp32s2-elf/12.2.0 -L/home/kalata23/.espressif/tools/xtensa-esp32s2-elf/esp-12.2.0_20230208/xtensa-esp32s2-elf/bin/../lib/gcc -L/home/kalata23/.espressif/tools/xtensa-esp32s2-elf/esp-12.2.0_20230208/xtensa-esp32s2-elf/bin/../lib/gcc/xtensa-esp32s2-elf/12.2.0/../../../../xtensa-esp32s2-elf/lib CMakeFiles/cmTC_ce79a.dir/CMakeCCompilerABI.c.obj -lgcc -lc -lnosys -lc -lgcc /home/kalata23/.espressif/tools/xtensa-esp32s2-elf/esp-12.2.0_20230208/xtensa-esp32s2-elf/bin/../lib/gcc/xtensa-esp32s2-elf/12.2.0/crtend.o /home/kalata23/.espressif/tools/xtensa-esp32s2-elf/esp-12.2.0_20230208/xtensa-esp32s2-elf/bin/../lib/gcc/xtensa-esp32s2-elf/12.2.0/crtn.o
COLLECT_GCC_OPTIONS='-mlongcalls' '-v' '-o' 'cmTC_ce79a' '-dumpdir' 'cmTC_ce79a.'
gmake[4]: Leaving directory '/home/kalata23/github/esp32s2-cookbook/ch32v003programmer/bootloader/CMakeFiles/CMakeScratch/TryCompile-F26dj6'
gmake[3]: Leaving directory '/home/kalata23/github/esp32s2-cookbook/ch32v003programmer/bootloader/CMakeFiles/CMakeScratch/TryCompile-F26dj6'



Parsed C implicit include dir info from above output: rv=done
  found start of include info
  found start of implicit include info
    add: [/home/kalata23/.espressif/tools/xtensa-esp32s2-elf/esp-12.2.0_20230208/xtensa-esp32s2-elf/bin/../lib/gcc/xtensa-esp32s2-elf/12.2.0/include]
    add: [/home/kalata23/.espressif/tools/xtensa-esp32s2-elf/esp-12.2.0_20230208/xtensa-esp32s2-elf/bin/../lib/gcc/xtensa-esp32s2-elf/12.2.0/include-fixed]
    add: [/home/kalata23/.espressif/tools/xtensa-esp32s2-elf/esp-12.2.0_20230208/xtensa-esp32s2-elf/bin/../lib/gcc/xtensa-esp32s2-elf/12.2.0/../../../../xtensa-esp32s2-elf/sys-include]
    add: [/home/kalata23/.espressif/tools/xtensa-esp32s2-elf/esp-12.2.0_20230208/xtensa-esp32s2-elf/bin/../lib/gcc/xtensa-esp32s2-elf/12.2.0/../../../../xtensa-esp32s2-elf/include]
  end of search list found
  collapse include dir [/home/kalata23/.espressif/tools/xtensa-esp32s2-elf/esp-12.2.0_20230208/xtensa-esp32s2-elf/bin/../lib/gcc/xtensa-esp32s2-elf/12.2.0/include] ==> [/home/kalata23/.espressif/tools/xtensa-esp32s2-elf/esp-12.2.0_20230208/xtensa-esp32s2-elf/lib/gcc/xtensa-esp32s2-elf/12.2.0/include]
  collapse include dir [/home/kalata23/.espressif/tools/xtensa-esp32s2-elf/esp-12.2.0_20230208/xtensa-esp32s2-elf/bin/../lib/gcc/xtensa-esp32s2-elf/12.2.0/include-fixed] ==> [/home/kalata23/.espressif/tools/xtensa-esp32s2-elf/esp-12.2.0_20230208/xtensa-esp32s2-elf/lib/gcc/xtensa-esp32s2-elf/12.2.0/include-fixed]
  collapse include dir [/home/kalata23/.espressif/tools/xtensa-esp32s2-elf/esp-12.2.0_20230208/xtensa-esp32s2-elf/bin/../lib/gcc/xtensa-esp32s2-elf/12.2.0/../../../../xtensa-esp32s2-elf/sys-include] ==> [/home/kalata23/.espressif/tools/xtensa-esp32s2-elf/esp-12.2.0_20230208/xtensa-esp32s2-elf/xtensa-esp32s2-elf/sys-include]
  collapse include dir [/home/kalata23/.espressif/tools/xtensa-esp32s2-elf/esp-12.2.0_20230208/xtensa-esp32s2-elf/bin/../lib/gcc/xtensa-esp32s2-elf/12.2.0/../../../../xtensa-esp32s2-elf/include] ==> [/home/kalata23/.espressif/tools/xtensa-esp32s2-elf/esp-12.2.0_20230208/xtensa-esp32s2-elf/xtensa-esp32s2-elf/include]
  implicit include dirs: [/home/kalata23/.espressif/tools/xtensa-esp32s2-elf/esp-12.2.0_20230208/xtensa-esp32s2-elf/lib/gcc/xtensa-esp32s2-elf/12.2.0/include;/home/kalata23/.espressif/tools/xtensa-esp32s2-elf/esp-12.2.0_20230208/xtensa-esp32s2-elf/lib/gcc/xtensa-esp32s2-elf/12.2.0/include-fixed;/home/kalata23/.espressif/tools/xtensa-esp32s2-elf/esp-12.2.0_20230208/xtensa-esp32s2-elf/xtensa-esp32s2-elf/sys-include;/home/kalata23/.espressif/tools/xtensa-esp32s2-elf/esp-12.2.0_20230208/xtensa-esp32s2-elf/xtensa-esp32s2-elf/include]


Parsed C implicit link information from above output:
  link line regex: [^( *|.*[/\])(xtensa-esp32s2-elf-ld|CMAKE_LINK_STARTFILE-NOTFOUND|([^/\]+-)?ld|collect2)[^/\]*( |$)]
  ignore line: [Change Dir: /home/kalata23/github/esp32s2-cookbook/ch32v003programmer/bootloader/CMakeFiles/CMakeScratch/TryCompile-F26dj6]
  ignore line: []
  ignore line: [Run Build Command(s):/usr/bin/gmake -f Makefile cmTC_ce79a/fast && gmake[3]: Entering directory '/home/kalata23/github/esp32s2-cookbook/ch32v003programmer/bootloader/CMakeFiles/CMakeScratch/TryCompile-F26dj6']
  ignore line: [/usr/bin/gmake  -f CMakeFiles/cmTC_ce79a.dir/build.make CMakeFiles/cmTC_ce79a.dir/build]
  ignore line: [gmake[4]: Entering directory '/home/kalata23/github/esp32s2-cookbook/ch32v003programmer/bootloader/CMakeFiles/CMakeScratch/TryCompile-F26dj6']
  ignore line: [Building C object CMakeFiles/cmTC_ce79a.dir/CMakeCCompilerABI.c.obj]
  ignore line: [/home/kalata23/.espressif/tools/xtensa-esp32s2-elf/esp-12.2.0_20230208/xtensa-esp32s2-elf/bin/xtensa-esp32s2-elf-gcc   -mlongcalls     -v -o CMakeFiles/cmTC_ce79a.dir/CMakeCCompilerABI.c.obj -c /usr/share/cmake-3.25/Modules/CMakeCCompilerABI.c]
  ignore line: [Using built-in specs.]
  ignore line: [COLLECT_GCC=/home/kalata23/.espressif/tools/xtensa-esp32s2-elf/esp-12.2.0_20230208/xtensa-esp32s2-elf/bin/xtensa-esp32s2-elf-gcc]
  ignore line: [Target: xtensa-esp32s2-elf]
  ignore line: [Configured with: /builds/idf/crosstool-NG/.build/xtensa-esp32s2-elf/src/gcc/configure --build=x86_64-build_pc-linux-gnu --host=x86_64-build_pc-linux-gnu --target=xtensa-esp32s2-elf --prefix=/builds/idf/crosstool-NG/builds/xtensa-esp32s2-elf --exec_prefix=/builds/idf/crosstool-NG/builds/xtensa-esp32s2-elf --with-local-prefix=/builds/idf/crosstool-NG/builds/xtensa-esp32s2-elf/xtensa-esp32s2-elf --with-headers=/builds/idf/crosstool-NG/builds/xtensa-esp32s2-elf/xtensa-esp32s2-elf/include --with-newlib --enable-threads=no --disable-shared --with-pkgversion='crosstool-NG esp-12.2.0_20230208' --disable-__cxa_atexit --enable-cxx-flags=-ffunction-sections --disable-libgomp --disable-libmudflap --disable-libmpx --disable-libssp --disable-libquadmath --disable-libquadmath-support --disable-libstdcxx-verbose --with-gmp=/builds/idf/crosstool-NG/.build/xtensa-esp32s2-elf/buildtools --with-mpfr=/builds/idf/crosstool-NG/.build/xtensa-esp32s2-elf/buildtools --with-mpc=/builds/idf/crosstool-NG/.build/xtensa-esp32s2-elf/buildtools --with-isl=/builds/idf/crosstool-NG/.build/xtensa-esp32s2-elf/buildtools --enable-lto --enable-target-optspace --without-long-double-128 --disable-nls --enable-multiarch --enable-languages=c c++ --disable-libstdcxx-verbose --enable-threads=posix --enable-gcov-custom-rtio --enable-libstdcxx-time=yes]
  ignore line: [Thread model: posix]
  ignore line: [Supported LTO compression algorithms: zlib]
  ignore line: [gcc version 12.2.0 (crosstool-NG esp-12.2.0_20230208) ]
  ignore line: [COLLECT_GCC_OPTIONS='-mlongcalls' '-v' '-o' 'CMakeFiles/cmTC_ce79a.dir/CMakeCCompilerABI.c.obj' '-c' '-dumpdir' 'CMakeFiles/cmTC_ce79a.dir/']
  ignore line: [ /home/kalata23/.espressif/tools/xtensa-esp32s2-elf/esp-12.2.0_20230208/xtensa-esp32s2-elf/bin/../libexec/gcc/xtensa-esp32s2-elf/12.2.0/cc1 -quiet -v -iprefix /home/kalata23/.espressif/tools/xtensa-esp32s2-elf/esp-12.2.0_20230208/xtensa-esp32s2-elf/bin/../lib/gcc/xtensa-esp32s2-elf/12.2.0/ /usr/share/cmake-3.25/Modules/CMakeCCompilerABI.c -quiet -dumpdir CMakeFiles/cmTC_ce79a.dir/ -dumpbase CMakeCCompilerABI.c.c -dumpbase-ext .c -mlongcalls -version -o /tmp/ccZ4TxmL.s]
  ignore line: [GNU C17 (crosstool-NG esp-12.2.0_20230208) version 12.2.0 (xtensa-esp32s2-elf)]
  ignore line: [	compiled by GNU C version 4.9.2  GMP version 6.2.1  MPFR version 4.1.0  MPC version 1.2.1  isl version isl-0.24-GMP]
  ignore line: []
  ignore line: [GGC heuristics: --param ggc-min-expand=100 --param ggc-min-heapsize=131072]
  ignore line: [ignoring duplicate directory "/home/kalata23/.espressif/tools/xtensa-esp32s2-elf/esp-12.2.0_20230208/xtensa-esp32s2-elf/bin/../lib/gcc/../../lib/gcc/xtensa-esp32s2-elf/12.2.0/include"]
  ignore line: [ignoring duplicate directory "/home/kalata23/.espressif/tools/xtensa-esp32s2-elf/esp-12.2.0_20230208/xtensa-esp32s2-elf/bin/../lib/gcc/../../lib/gcc/xtensa-esp32s2-elf/12.2.0/include-fixed"]
  ignore line: [ignoring duplicate directory "/home/kalata23/.espressif/tools/xtensa-esp32s2-elf/esp-12.2.0_20230208/xtensa-esp32s2-elf/bin/../lib/gcc/../../lib/gcc/xtensa-esp32s2-elf/12.2.0/../../../../xtensa-esp32s2-elf/sys-include"]
  ignore line: [ignoring duplicate directory "/home/kalata23/.espressif/tools/xtensa-esp32s2-elf/esp-12.2.0_20230208/xtensa-esp32s2-elf/bin/../lib/gcc/../../lib/gcc/xtensa-esp32s2-elf/12.2.0/../../../../xtensa-esp32s2-elf/include"]
  ignore line: [#include "..." search starts here:]
  ignore line: [#include <...> search starts here:]
  ignore line: [ /home/kalata23/.espressif/tools/xtensa-esp32s2-elf/esp-12.2.0_20230208/xtensa-esp32s2-elf/bin/../lib/gcc/xtensa-esp32s2-elf/12.2.0/include]
  ignore line: [ /home/kalata23/.espressif/tools/xtensa-esp32s2-elf/esp-12.2.0_20230208/xtensa-esp32s2-elf/bin/../lib/gcc/xtensa-esp32s2-elf/12.2.0/include-fixed]
  ignore line: [ /home/kalata23/.espressif/tools/xtensa-esp32s2-elf/esp-12.2.0_20230208/xtensa-esp32s2-elf/bin/../lib/gcc/xtensa-esp32s2-elf/12.2.0/../../../../xtensa-esp32s2-elf/sys-include]
  ignore line: [ /home/kalata23/.espressif/tools/xtensa-esp32s2-elf/esp-12.2.0_20230208/xtensa-esp32s2-elf/bin/../lib/gcc/xtensa-esp32s2-elf/12.2.0/../../../../xtensa-esp32s2-elf/include]
  ignore line: [End of search list.]
  ignore line: [GNU C17 (crosstool-NG esp-12.2.0_20230208) version 12.2.0 (xtensa-esp32s2-elf)]
  ignore line: [	compiled by GNU C version 4.9.2  GMP version 6.2.1  MPFR version 4.1.0  MPC version 1.2.1  isl version isl-0.24-GMP]
  ignore line: []
  ignore line: [GGC heuristics: --param ggc-min-expand=100 --param ggc-min-heapsize=131072]
  ignore line: [Compiler executable checksum: f9e1a8db536f9c2ee6f9fe56b21d3d42]
  ignore line: [COLLECT_GCC_OPTIONS='-mlongcalls' '-v' '-o' 'CMakeFiles/cmTC_ce79a.dir/CMakeCCompilerABI.c.obj' '-c' '-dumpdir' 'CMakeFiles/cmTC_ce79a.dir/']
  ignore line: [ /home/kalata23/.espressif/tools/xtensa-esp32s2-elf/esp-12.2.0_20230208/xtensa-esp32s2-elf/bin/../lib/gcc/xtensa-esp32s2-elf/12.2.0/../../../../xtensa-esp32s2-elf/bin/as --traditional-format --longcalls -o CMakeFiles/cmTC_ce79a.dir/CMakeCCompilerABI.c.obj /tmp/ccZ4TxmL.s]
  ignore line: [COMPILER_PATH=/home/kalata23/.espressif/tools/xtensa-esp32s2-elf/esp-12.2.0_20230208/xtensa-esp32s2-elf/bin/../libexec/gcc/xtensa-esp32s2-elf/12.2.0/:/home/kalata23/.espressif/tools/xtensa-esp32s2-elf/esp-12.2.0_20230208/xtensa-esp32s2-elf/bin/../libexec/gcc/:/home/kalata23/.espressif/tools/xtensa-esp32s2-elf/esp-12.2.0_20230208/xtensa-esp32s2-elf/bin/../lib/gcc/xtensa-esp32s2-elf/12.2.0/../../../../xtensa-esp32s2-elf/bin/]
  ignore line: [LIBRARY_PATH=/home/kalata23/.espressif/tools/xtensa-esp32s2-elf/esp-12.2.0_20230208/xtensa-esp32s2-elf/bin/../lib/gcc/xtensa-esp32s2-elf/12.2.0/:/home/kalata23/.espressif/tools/xtensa-esp32s2-elf/esp-12.2.0_20230208/xtensa-esp32s2-elf/bin/../lib/gcc/:/home/kalata23/.espressif/tools/xtensa-esp32s2-elf/esp-12.2.0_20230208/xtensa-esp32s2-elf/bin/../lib/gcc/xtensa-esp32s2-elf/12.2.0/../../../../xtensa-esp32s2-elf/lib/]
  ignore line: [COLLECT_GCC_OPTIONS='-mlongcalls' '-v' '-o' 'CMakeFiles/cmTC_ce79a.dir/CMakeCCompilerABI.c.obj' '-c' '-dumpdir' 'CMakeFiles/cmTC_ce79a.dir/CMakeCCompilerABI.c.']
  ignore line: [Linking C executable cmTC_ce79a]
  ignore line: [/usr/bin/cmake -E cmake_link_script CMakeFiles/cmTC_ce79a.dir/link.txt --verbose=1]
  ignore line: [/home/kalata23/.espressif/tools/xtensa-esp32s2-elf/esp-12.2.0_20230208/xtensa-esp32s2-elf/bin/xtensa-esp32s2-elf-gcc -mlongcalls    -v CMakeFiles/cmTC_ce79a.dir/CMakeCCompilerABI.c.obj -o cmTC_ce79a ]
  ignore line: [Using built-in specs.]
  ignore line: [COLLECT_GCC=/home/kalata23/.espressif/tools/xtensa-esp32s2-elf/esp-12.2.0_20230208/xtensa-esp32s2-elf/bin/xtensa-esp32s2-elf-gcc]
  ignore line: [COLLECT_LTO_WRAPPER=/home/kalata23/.espressif/tools/xtensa-esp32s2-elf/esp-12.2.0_20230208/xtensa-esp32s2-elf/bin/../libexec/gcc/xtensa-esp32s2-elf/12.2.0/lto-wrapper]
  ignore line: [Target: xtensa-esp32s2-elf]
  ignore line: [Configured with: /builds/idf/crosstool-NG/.build/xtensa-esp32s2-elf/src/gcc/configure --build=x86_64-build_pc-linux-gnu --host=x86_64-build_pc-linux-gnu --target=xtensa-esp32s2-elf --prefix=/builds/idf/crosstool-NG/builds/xtensa-esp32s2-elf --exec_prefix=/builds/idf/crosstool-NG/builds/xtensa-esp32s2-elf --with-local-prefix=/builds/idf/crosstool-NG/builds/xtensa-esp32s2-elf/xtensa-esp32s2-elf --with-headers=/builds/idf/crosstool-NG/builds/xtensa-esp32s2-elf/xtensa-esp32s2-elf/include --with-newlib --enable-threads=no --disable-shared --with-pkgversion='crosstool-NG esp-12.2.0_20230208' --disable-__cxa_atexit --enable-cxx-flags=-ffunction-sections --disable-libgomp --disable-libmudflap --disable-libmpx --disable-libssp --disable-libquadmath --disable-libquadmath-support --disable-libstdcxx-verbose --with-gmp=/builds/idf/crosstool-NG/.build/xtensa-esp32s2-elf/buildtools --with-mpfr=/builds/idf/crosstool-NG/.build/xtensa-esp32s2-elf/buildtools --with-mpc=/builds/idf/crosstool-NG/.build/xtensa-esp32s2-elf/buildtools --with-isl=/builds/idf/crosstool-NG/.build/xtensa-esp32s2-elf/buildtools --enable-lto --enable-target-optspace --without-long-double-128 --disable-nls --enable-multiarch --enable-languages=c c++ --disable-libstdcxx-verbose --enable-threads=posix --enable-gcov-custom-rtio --enable-libstdcxx-time=yes]
  ignore line: [Thread model: posix]
  ignore line: [Supported LTO compression algorithms: zlib]
  ignore line: [gcc version 12.2.0 (crosstool-NG esp-12.2.0_20230208) ]
  ignore line: [COMPILER_PATH=/home/kalata23/.espressif/tools/xtensa-esp32s2-elf/esp-12.2.0_20230208/xtensa-esp32s2-elf/bin/../libexec/gcc/xtensa-esp32s2-elf/12.2.0/:/home/kalata23/.espressif/tools/xtensa-esp32s2-elf/esp-12.2.0_20230208/xtensa-esp32s2-elf/bin/../libexec/gcc/:/home/kalata23/.espressif/tools/xtensa-esp32s2-elf/esp-12.2.0_20230208/xtensa-esp32s2-elf/bin/../lib/gcc/xtensa-esp32s2-elf/12.2.0/../../../../xtensa-esp32s2-elf/bin/]
  ignore line: [LIBRARY_PATH=/home/kalata23/.espressif/tools/xtensa-esp32s2-elf/esp-12.2.0_20230208/xtensa-esp32s2-elf/bin/../lib/gcc/xtensa-esp32s2-elf/12.2.0/:/home/kalata23/.espressif/tools/xtensa-esp32s2-elf/esp-12.2.0_20230208/xtensa-esp32s2-elf/bin/../lib/gcc/:/home/kalata23/.espressif/tools/xtensa-esp32s2-elf/esp-12.2.0_20230208/xtensa-esp32s2-elf/bin/../lib/gcc/xtensa-esp32s2-elf/12.2.0/../../../../xtensa-esp32s2-elf/lib/]
  ignore line: [COLLECT_GCC_OPTIONS='-mlongcalls' '-v' '-o' 'cmTC_ce79a' '-dumpdir' 'cmTC_ce79a.']
  link line: [ /home/kalata23/.espressif/tools/xtensa-esp32s2-elf/esp-12.2.0_20230208/xtensa-esp32s2-elf/bin/../libexec/gcc/xtensa-esp32s2-elf/12.2.0/collect2 -plugin /home/kalata23/.espressif/tools/xtensa-esp32s2-elf/esp-12.2.0_20230208/xtensa-esp32s2-elf/bin/../libexec/gcc/xtensa-esp32s2-elf/12.2.0/liblto_plugin.so -plugin-opt=/home/kalata23/.espressif/tools/xtensa-esp32s2-elf/esp-12.2.0_20230208/xtensa-esp32s2-elf/bin/../libexec/gcc/xtensa-esp32s2-elf/12.2.0/lto-wrapper -plugin-opt=-fresolution=/tmp/ccSY4clX.res -plugin-opt=-pass-through=-lgcc -plugin-opt=-pass-through=-lc -plugin-opt=-pass-through=-lnosys -plugin-opt=-pass-through=-lc -plugin-opt=-pass-through=-lgcc -o cmTC_ce79a /home/kalata23/.espressif/tools/xtensa-esp32s2-elf/esp-12.2.0_20230208/xtensa-esp32s2-elf/bin/../lib/gcc/xtensa-esp32s2-elf/12.2.0/../../../../xtensa-esp32s2-elf/lib/crt0.o /home/kalata23/.espressif/tools/xtensa-esp32s2-elf/esp-12.2.0_20230208/xtensa-esp32s2-elf/bin/../lib/gcc/xtensa-esp32s2-elf/12.2.0/crti.o /home/kalata23/.espressif/tools/xtensa-esp32s2-elf/esp-12.2.0_20230208/xtensa-esp32s2-elf/bin/../lib/gcc/xtensa-esp32s2-elf/12.2.0/crtbegin.o -L/home/kalata23/.espressif/tools/xtensa-esp32s2-elf/esp-12.2.0_20230208/xtensa-esp32s2-elf/bin/../lib/gcc/xtensa-esp32s2-elf/12.2.0 -L/home/kalata23/.espressif/tools/xtensa-esp32s2-elf/esp-12.2.0_20230208/xtensa-esp32s2-elf/bin/../lib/gcc -L/home/kalata23/.espressif/tools/xtensa-esp32s2-elf/esp-12.2.0_20230208/xtensa-esp32s2-elf/bin/../lib/gcc/xtensa-esp32s2-elf/12.2.0/../../../../xtensa-esp32s2-elf/lib CMakeFiles/cmTC_ce79a.dir/CMakeCCompilerABI.c.obj -lgcc -lc -lnosys -lc -lgcc /home/kalata23/.espressif/tools/xtensa-esp32s2-elf/esp-12.2.0_20230208/xtensa-esp32s2-elf/bin/../lib/gcc/xtensa-esp32s2-elf/12.2.0/crtend.o /home/kalata23/.espressif/tools/xtensa-esp32s2-elf/esp-12.2.0_20230208/xtensa-esp32s2-elf/bin/../lib/gcc/xtensa-esp32s2-elf/12.2.0/crtn.o]
    arg [/home/kalata23/.espressif/tools/xtensa-esp32s2-elf/esp-12.2.0_20230208/xtensa-esp32s2-elf/bin/../libexec/gcc/xtensa-esp32s2-elf/12.2.0/collect2] ==> ignore
    arg [-plugin] ==> ignore
    arg [/home/kalata23/.espressif/tools/xtensa-esp32s2-elf/esp-12.2.0_20230208/xtensa-esp32s2-elf/bin/../libexec/gcc/xtensa-esp32s2-elf/12.2.0/liblto_plugin.so] ==> ignore
    arg [-plugin-opt=/home/kalata23/.espressif/tools/xtensa-esp32s2-elf/esp-12.2.0_20230208/xtensa-esp32s2-elf/bin/../libexec/gcc/xtensa-esp32s2-elf/12.2.0/lto-wrapper] ==> ignore
    arg [-plugin-opt=-fresolution=/tmp/ccSY4clX.res] ==> ignore
    arg [-plugin-opt=-pass-through=-lgcc] ==> ignore
    arg [-plugin-opt=-pass-through=-lc] ==> ignore
    arg [-plugin-opt=-pass-through=-lnosys] ==> ignore
    arg [-plugin-opt=-pass-through=-lc] ==> ignore
    arg [-plugin-opt=-pass-through=-lgcc] ==> ignore
    arg [-o] ==> ignore
    arg [cmTC_ce79a] ==> ignore
    arg [/home/kalata23/.espressif/tools/xtensa-esp32s2-elf/esp-12.2.0_20230208/xtensa-esp32s2-elf/bin/../lib/gcc/xtensa-esp32s2-elf/12.2.0/../../../../xtensa-esp32s2-elf/lib/crt0.o] ==> obj [/home/kalata23/.espressif/tools/xtensa-esp32s2-elf/esp-12.2.0_20230208/xtensa-esp32s2-elf/bin/../lib/gcc/xtensa-esp32s2-elf/12.2.0/../../../../xtensa-esp32s2-elf/lib/crt0.o]
    arg [/home/kalata23/.espressif/tools/xtensa-esp32s2-elf/esp-12.2.0_20230208/xtensa-esp32s2-elf/bin/../lib/gcc/xtensa-esp32s2-elf/12.2.0/crti.o] ==> obj [/home/kalata23/.espressif/tools/xtensa-esp32s2-elf/esp-12.2.0_20230208/xtensa-esp32s2-elf/bin/../lib/gcc/xtensa-esp32s2-elf/12.2.0/crti.o]
    arg [/home/kalata23/.espressif/tools/xtensa-esp32s2-elf/esp-12.2.0_20230208/xtensa-esp32s2-elf/bin/../lib/gcc/xtensa-esp32s2-elf/12.2.0/crtbegin.o] ==> obj [/home/kalata23/.espressif/tools/xtensa-esp32s2-elf/esp-12.2.0_20230208/xtensa-esp32s2-elf/bin/../lib/gcc/xtensa-esp32s2-elf/12.2.0/crtbegin.o]
    arg [-L/home/kalata23/.espressif/tools/xtensa-esp32s2-elf/esp-12.2.0_20230208/xtensa-esp32s2-elf/bin/../lib/gcc/xtensa-esp32s2-elf/12.2.0] ==> dir [/home/kalata23/.espressif/tools/xtensa-esp32s2-elf/esp-12.2.0_20230208/xtensa-esp32s2-elf/bin/../lib/gcc/xtensa-esp32s2-elf/12.2.0]
    arg [-L/home/kalata23/.espressif/tools/xtensa-esp32s2-elf/esp-12.2.0_20230208/xtensa-esp32s2-elf/bin/../lib/gcc] ==> dir [/home/kalata23/.espressif/tools/xtensa-esp32s2-elf/esp-12.2.0_20230208/xtensa-esp32s2-elf/bin/../lib/gcc]
    arg [-L/home/kalata23/.espressif/tools/xtensa-esp32s2-elf/esp-12.2.0_20230208/xtensa-esp32s2-elf/bin/../lib/gcc/xtensa-esp32s2-elf/12.2.0/../../../../xtensa-esp32s2-elf/lib] ==> dir [/home/kalata23/.espressif/tools/xtensa-esp32s2-elf/esp-12.2.0_20230208/xtensa-esp32s2-elf/bin/../lib/gcc/xtensa-esp32s2-elf/12.2.0/../../../../xtensa-esp32s2-elf/lib]
    arg [CMakeFiles/cmTC_ce79a.dir/CMakeCCompilerABI.c.obj] ==> ignore
    arg [-lgcc] ==> lib [gcc]
    arg [-lc] ==> lib [c]
    arg [-lnosys] ==> lib [nosys]
    arg [-lc] ==> lib [c]
    arg [-lgcc] ==> lib [gcc]
    arg [/home/kalata23/.espressif/tools/xtensa-esp32s2-elf/esp-12.2.0_20230208/xtensa-esp32s2-elf/bin/../lib/gcc/xtensa-esp32s2-elf/12.2.0/crtend.o] ==> obj [/home/kalata23/.espressif/tools/xtensa-esp32s2-elf/esp-12.2.0_20230208/xtensa-esp32s2-elf/bin/../lib/gcc/xtensa-esp32s2-elf/12.2.0/crtend.o]
    arg [/home/kalata23/.espressif/tools/xtensa-esp32s2-elf/esp-12.2.0_20230208/xtensa-esp32s2-elf/bin/../lib/gcc/xtensa-esp32s2-elf/12.2.0/crtn.o] ==> obj [/home/kalata23/.espressif/tools/xtensa-esp32s2-elf/esp-12.2.0_20230208/xtensa-esp32s2-elf/bin/../lib/gcc/xtensa-esp32s2-elf/12.2.0/crtn.o]
  collapse obj [/home/kalata23/.espressif/tools/xtensa-esp32s2-elf/esp-12.2.0_20230208/xtensa-esp32s2-elf/bin/../lib/gcc/xtensa-esp32s2-elf/12.2.0/../../../../xtensa-esp32s2-elf/lib/crt0.o] ==> [/home/kalata23/.espressif/tools/xtensa-esp32s2-elf/esp-12.2.0_20230208/xtensa-esp32s2-elf/xtensa-esp32s2-elf/lib/crt0.o]
  collapse obj [/home/kalata23/.espressif/tools/xtensa-esp32s2-elf/esp-12.2.0_20230208/xtensa-esp32s2-elf/bin/../lib/gcc/xtensa-esp32s2-elf/12.2.0/crti.o] ==> [/home/kalata23/.espressif/tools/xtensa-esp32s2-elf/esp-12.2.0_20230208/xtensa-esp32s2-elf/lib/gcc/xtensa-esp32s2-elf/12.2.0/crti.o]
  collapse obj [/home/kalata23/.espressif/tools/xtensa-esp32s2-elf/esp-12.2.0_20230208/xtensa-esp32s2-elf/bin/../lib/gcc/xtensa-esp32s2-elf/12.2.0/crtbegin.o] ==> [/home/kalata23/.espressif/tools/xtensa-esp32s2-elf/esp-12.2.0_20230208/xtensa-esp32s2-elf/lib/gcc/xtensa-esp32s2-elf/12.2.0/crtbegin.o]
  collapse obj [/home/kalata23/.espressif/tools/xtensa-esp32s2-elf/esp-12.2.0_20230208/xtensa-esp32s2-elf/bin/../lib/gcc/xtensa-esp32s2-elf/12.2.0/crtend.o] ==> [/home/kalata23/.espressif/tools/xtensa-esp32s2-elf/esp-12.2.0_20230208/xtensa-esp32s2-elf/lib/gcc/xtensa-esp32s2-elf/12.2.0/crtend.o]
  collapse obj [/home/kalata23/.espressif/tools/xtensa-esp32s2-elf/esp-12.2.0_20230208/xtensa-esp32s2-elf/bin/../lib/gcc/xtensa-esp32s2-elf/12.2.0/crtn.o] ==> [/home/kalata23/.espressif/tools/xtensa-esp32s2-elf/esp-12.2.0_20230208/xtensa-esp32s2-elf/lib/gcc/xtensa-esp32s2-elf/12.2.0/crtn.o]
  collapse library dir [/home/kalata23/.espressif/tools/xtensa-esp32s2-elf/esp-12.2.0_20230208/xtensa-esp32s2-elf/bin/../lib/gcc/xtensa-esp32s2-elf/12.2.0] ==> [/home/kalata23/.espressif/tools/xtensa-esp32s2-elf/esp-12.2.0_20230208/xtensa-esp32s2-elf/lib/gcc/xtensa-esp32s2-elf/12.2.0]
  collapse library dir [/home/kalata23/.espressif/tools/xtensa-esp32s2-elf/esp-12.2.0_20230208/xtensa-esp32s2-elf/bin/../lib/gcc] ==> [/home/kalata23/.espressif/tools/xtensa-esp32s2-elf/esp-12.2.0_20230208/xtensa-esp32s2-elf/lib/gcc]
  collapse library dir [/home/kalata23/.espressif/tools/xtensa-esp32s2-elf/esp-12.2.0_20230208/xtensa-esp32s2-elf/bin/../lib/gcc/xtensa-esp32s2-elf/12.2.0/../../../../xtensa-esp32s2-elf/lib] ==> [/home/kalata23/.espressif/tools/xtensa-esp32s2-elf/esp-12.2.0_20230208/xtensa-esp32s2-elf/xtensa-esp32s2-elf/lib]
  implicit libs: [gcc;c;nosys;c;gcc]
  implicit objs: [/home/kalata23/.espressif/tools/xtensa-esp32s2-elf/esp-12.2.0_20230208/xtensa-esp32s2-elf/xtensa-esp32s2-elf/lib/crt0.o;/home/kalata23/.espressif/tools/xtensa-esp32s2-elf/esp-12.2.0_20230208/xtensa-esp32s2-elf/lib/gcc/xtensa-esp32s2-elf/12.2.0/crti.o;/home/kalata23/.espressif/tools/xtensa-esp32s2-elf/esp-12.2.0_20230208/xtensa-esp32s2-elf/lib/gcc/xtensa-esp32s2-elf/12.2.0/crtbegin.o;/home/kalata23/.espressif/tools/xtensa-esp32s2-elf/esp-12.2.0_20230208/xtensa-esp32s2-elf/lib/gcc/xtensa-esp32s2-elf/12.2.0/crtend.o;/home/kalata23/.espressif/tools/xtensa-esp32s2-elf/esp-12.2.0_20230208/xtensa-esp32s2-elf/lib/gcc/xtensa-esp32s2-elf/12.2.0/crtn.o]
  implicit dirs: [/home/kalata23/.espressif/tools/xtensa-esp32s2-elf/esp-12.2.0_20230208/xtensa-esp32s2-elf/lib/gcc/xtensa-esp32s2-elf/12.2.0;/home/kalata23/.espressif/tools/xtensa-esp32s2-elf/esp-12.2.0_20230208/xtensa-esp32s2-elf/lib/gcc;/home/kalata23/.espressif/tools/xtensa-esp32s2-elf/esp-12.2.0_20230208/xtensa-esp32s2-elf/xtensa-esp32s2-elf/lib]
  implicit fwks: []


Detecting CXX compiler ABI info compiled with the following output:
Change Dir: /home/kalata23/github/esp32s2-cookbook/ch32v003programmer/bootloader/CMakeFiles/CMakeScratch/TryCompile-1gaOgw

Run Build Command(s):/usr/bin/gmake -f Makefile cmTC_82978/fast && gmake[3]: Entering directory '/home/kalata23/github/esp32s2-cookbook/ch32v003programmer/bootloader/CMakeFiles/CMakeScratch/TryCompile-1gaOgw'
/usr/bin/gmake  -f CMakeFiles/cmTC_82978.dir/build.make CMakeFiles/cmTC_82978.dir/build
gmake[4]: Entering directory '/home/kalata23/github/esp32s2-cookbook/ch32v003programmer/bootloader/CMakeFiles/CMakeScratch/TryCompile-1gaOgw'
Building CXX object CMakeFiles/cmTC_82978.dir/CMakeCXXCompilerABI.cpp.obj
/home/kalata23/.espressif/tools/xtensa-esp32s2-elf/esp-12.2.0_20230208/xtensa-esp32s2-elf/bin/xtensa-esp32s2-elf-g++   -mlongcalls     -v -o CMakeFiles/cmTC_82978.dir/CMakeCXXCompilerABI.cpp.obj -c /usr/share/cmake-3.25/Modules/CMakeCXXCompilerABI.cpp
Using built-in specs.
COLLECT_GCC=/home/kalata23/.espressif/tools/xtensa-esp32s2-elf/esp-12.2.0_20230208/xtensa-esp32s2-elf/bin/xtensa-esp32s2-elf-g++
Target: xtensa-esp32s2-elf
Configured with: /builds/idf/crosstool-NG/.build/xtensa-esp32s2-elf/src/gcc/configure --build=x86_64-build_pc-linux-gnu --host=x86_64-build_pc-linux-gnu --target=xtensa-esp32s2-elf --prefix=/builds/idf/crosstool-NG/builds/xtensa-esp32s2-elf --exec_prefix=/builds/idf/crosstool-NG/builds/xtensa-esp32s2-elf --with-local-prefix=/builds/idf/crosstool-NG/builds/xtensa-esp32s2-elf/xtensa-esp32s2-elf --with-headers=/builds/idf/crosstool-NG/builds/xtensa-esp32s2-elf/xtensa-esp32s2-elf/include --with-newlib --enable-threads=no --disable-shared --with-pkgversion='crosstool-NG esp-12.2.0_20230208' --disable-__cxa_atexit --enable-cxx-flags=-ffunction-sections --disable-libgomp --disable-libmudflap --disable-libmpx --disable-libssp --disable-libquadmath --disable-libquadmath-support --disable-libstdcxx-verbose --with-gmp=/builds/idf/crosstool-NG/.build/xtensa-esp32s2-elf/buildtools --with-mpfr=/builds/idf/crosstool-NG/.build/xtensa-esp32s2-elf/buildtools --with-mpc=/builds/idf/crosstool-NG/.build/xtensa-esp32s2-elf/buildtools --with-isl=/builds/idf/crosstool-NG/.build/xtensa-esp32s2-elf/buildtools --enable-lto --enable-target-optspace --without-long-double-128 --disable-nls --enable-multiarch --enable-languages=c,c++ --disable-libstdcxx-verbose --enable-threads=posix --enable-gcov-custom-rtio --enable-libstdcxx-time=yes
Thread model: posix
Supported LTO compression algorithms: zlib
gcc version 12.2.0 (crosstool-NG esp-12.2.0_20230208) 
COLLECT_GCC_OPTIONS='-mlongcalls' '-v' '-o' 'CMakeFiles/cmTC_82978.dir/CMakeCXXCompilerABI.cpp.obj' '-c' '-dumpdir' 'CMakeFiles/cmTC_82978.dir/'
 /home/kalata23/.espressif/tools/xtensa-esp32s2-elf/esp-12.2.0_20230208/xtensa-esp32s2-elf/bin/../libexec/gcc/xtensa-esp32s2-elf/12.2.0/cc1plus -quiet -v -iprefix /home/kalata23/.espressif/tools/xtensa-esp32s2-elf/esp-12.2.0_20230208/xtensa-esp32s2-elf/bin/../lib/gcc/xtensa-esp32s2-elf/12.2.0/ /usr/share/cmake-3.25/Modules/CMakeCXXCompilerABI.cpp -quiet -dumpdir CMakeFiles/cmTC_82978.dir/ -dumpbase CMakeCXXCompilerABI.cpp.cpp -dumpbase-ext .cpp -mlongcalls -version -o /tmp/ccsXUbF3.s
GNU C++17 (crosstool-NG esp-12.2.0_20230208) version 12.2.0 (xtensa-esp32s2-elf)
	compiled by GNU C version 4.9.2, GMP version 6.2.1, MPFR version 4.1.0, MPC version 1.2.1, isl version isl-0.24-GMP

GGC heuristics: --param ggc-min-expand=100 --param ggc-min-heapsize=131072
ignoring duplicate directory "/home/kalata23/.espressif/tools/xtensa-esp32s2-elf/esp-12.2.0_20230208/xtensa-esp32s2-elf/bin/../lib/gcc/../../lib/gcc/xtensa-esp32s2-elf/12.2.0/../../../../xtensa-esp32s2-elf/include/c++/12.2.0"
ignoring duplicate directory "/home/kalata23/.espressif/tools/xtensa-esp32s2-elf/esp-12.2.0_20230208/xtensa-esp32s2-elf/bin/../lib/gcc/../../lib/gcc/xtensa-esp32s2-elf/12.2.0/../../../../xtensa-esp32s2-elf/include/c++/12.2.0/xtensa-esp32s2-elf"
ignoring duplicate directory "/home/kalata23/.espressif/tools/xtensa-esp32s2-elf/esp-12.2.0_20230208/xtensa-esp32s2-elf/bin/../lib/gcc/../../lib/gcc/xtensa-esp32s2-elf/12.2.0/../../../../xtensa-esp32s2-elf/include/c++/12.2.0/backward"
ignoring duplicate directory "/home/kalata23/.espressif/tools/xtensa-esp32s2-elf/esp-12.2.0_20230208/xtensa-esp32s2-elf/bin/../lib/gcc/../../lib/gcc/xtensa-esp32s2-elf/12.2.0/include"
ignoring duplicate directory "/home/kalata23/.espressif/tools/xtensa-esp32s2-elf/esp-12.2.0_20230208/xtensa-esp32s2-elf/bin/../lib/gcc/../../lib/gcc/xtensa-esp32s2-elf/12.2.0/include-fixed"
ignoring duplicate directory "/home/kalata23/.espressif/tools/xtensa-esp32s2-elf/esp-12.2.0_20230208/xtensa-esp32s2-elf/bin/../lib/gcc/../../lib/gcc/xtensa-esp32s2-elf/12.2.0/../../../../xtensa-esp32s2-elf/sys-include"
ignoring duplicate directory "/home/kalata23/.espressif/tools/xtensa-esp32s2-elf/esp-12.2.0_20230208/xtensa-esp32s2-elf/bin/../lib/gcc/../../lib/gcc/xtensa-esp32s2-elf/12.2.0/../../../../xtensa-esp32s2-elf/include"
#include "..." search starts here:
#include <...> search starts here:
 /home/kalata23/.espressif/tools/xtensa-esp32s2-elf/esp-12.2.0_20230208/xtensa-esp32s2-elf/bin/../lib/gcc/xtensa-esp32s2-elf/12.2.0/../../../../xtensa-esp32s2-elf/include/c++/12.2.0
 /home/kalata23/.espressif/tools/xtensa-esp32s2-elf/esp-12.2.0_20230208/xtensa-esp32s2-elf/bin/../lib/gcc/xtensa-esp32s2-elf/12.2.0/../../../../xtensa-esp32s2-elf/include/c++/12.2.0/xtensa-esp32s2-elf
 /home/kalata23/.espressif/tools/xtensa-esp32s2-elf/esp-12.2.0_20230208/xtensa-esp32s2-elf/bin/../lib/gcc/xtensa-esp32s2-elf/12.2.0/../../../../xtensa-esp32s2-elf/include/c++/12.2.0/backward
 /home/kalata23/.espressif/tools/xtensa-esp32s2-elf/esp-12.2.0_20230208/xtensa-esp32s2-elf/bin/../lib/gcc/xtensa-esp32s2-elf/12.2.0/include
 /home/kalata23/.espressif/tools/xtensa-esp32s2-elf/esp-12.2.0_20230208/xtensa-esp32s2-elf/bin/../lib/gcc/xtensa-esp32s2-elf/12.2.0/include-fixed
 /home/kalata23/.espressif/tools/xtensa-esp32s2-elf/esp-12.2.0_20230208/xtensa-esp32s2-elf/bin/../lib/gcc/xtensa-esp32s2-elf/12.2.0/../../../../xtensa-esp32s2-elf/sys-include
 /home/kalata23/.espressif/tools/xtensa-esp32s2-elf/esp-12.2.0_20230208/xtensa-esp32s2-elf/bin/../lib/gcc/xtensa-esp32s2-elf/12.2.0/../../../../xtensa-esp32s2-elf/include
End of search list.
GNU C++17 (crosstool-NG esp-12.2.0_20230208) version 12.2.0 (xtensa-esp32s2-elf)
	compiled by GNU C version 4.9.2, GMP version 6.2.1, MPFR version 4.1.0, MPC version 1.2.1, isl version isl-0.24-GMP

GGC heuristics: --param ggc-min-expand=100 --param ggc-min-heapsize=131072
Compiler executable checksum: 3bcb585a06973bbfe7bb19197186bcb7
COLLECT_GCC_OPTIONS='-mlongcalls' '-v' '-o' 'CMakeFiles/cmTC_82978.dir/CMakeCXXCompilerABI.cpp.obj' '-c' '-dumpdir' 'CMakeFiles/cmTC_82978.dir/'
 /home/kalata23/.espressif/tools/xtensa-esp32s2-elf/esp-12.2.0_20230208/xtensa-esp32s2-elf/bin/../lib/gcc/xtensa-esp32s2-elf/12.2.0/../../../../xtensa-esp32s2-elf/bin/as --traditional-format --longcalls -o CMakeFiles/cmTC_82978.dir/CMakeCXXCompilerABI.cpp.obj /tmp/ccsXUbF3.s
COMPILER_PATH=/home/kalata23/.espressif/tools/xtensa-esp32s2-elf/esp-12.2.0_20230208/xtensa-esp32s2-elf/bin/../libexec/gcc/xtensa-esp32s2-elf/12.2.0/:/home/kalata23/.espressif/tools/xtensa-esp32s2-elf/esp-12.2.0_20230208/xtensa-esp32s2-elf/bin/../libexec/gcc/:/home/kalata23/.espressif/tools/xtensa-esp32s2-elf/esp-12.2.0_20230208/xtensa-esp32s2-elf/bin/../lib/gcc/xtensa-esp32s2-elf/12.2.0/../../../../xtensa-esp32s2-elf/bin/
LIBRARY_PATH=/home/kalata23/.espressif/tools/xtensa-esp32s2-elf/esp-12.2.0_20230208/xtensa-esp32s2-elf/bin/../lib/gcc/xtensa-esp32s2-elf/12.2.0/:/home/kalata23/.espressif/tools/xtensa-esp32s2-elf/esp-12.2.0_20230208/xtensa-esp32s2-elf/bin/../lib/gcc/:/home/kalata23/.espressif/tools/xtensa-esp32s2-elf/esp-12.2.0_20230208/xtensa-esp32s2-elf/bin/../lib/gcc/xtensa-esp32s2-elf/12.2.0/../../../../xtensa-esp32s2-elf/lib/
COLLECT_GCC_OPTIONS='-mlongcalls' '-v' '-o' 'CMakeFiles/cmTC_82978.dir/CMakeCXXCompilerABI.cpp.obj' '-c' '-dumpdir' 'CMakeFiles/cmTC_82978.dir/CMakeCXXCompilerABI.cpp.'
Linking CXX executable cmTC_82978
/usr/bin/cmake -E cmake_link_script CMakeFiles/cmTC_82978.dir/link.txt --verbose=1
/home/kalata23/.espressif/tools/xtensa-esp32s2-elf/esp-12.2.0_20230208/xtensa-esp32s2-elf/bin/xtensa-esp32s2-elf-g++ -mlongcalls    -v CMakeFiles/cmTC_82978.dir/CMakeCXXCompilerABI.cpp.obj -o cmTC_82978 
Using built-in specs.
COLLECT_GCC=/home/kalata23/.espressif/tools/xtensa-esp32s2-elf/esp-12.2.0_20230208/xtensa-esp32s2-elf/bin/xtensa-esp32s2-elf-g++
COLLECT_LTO_WRAPPER=/home/kalata23/.espressif/tools/xtensa-esp32s2-elf/esp-12.2.0_20230208/xtensa-esp32s2-elf/bin/../libexec/gcc/xtensa-esp32s2-elf/12.2.0/lto-wrapper
Target: xtensa-esp32s2-elf
Configured with: /builds/idf/crosstool-NG/.build/xtensa-esp32s2-elf/src/gcc/configure --build=x86_64-build_pc-linux-gnu --host=x86_64-build_pc-linux-gnu --target=xtensa-esp32s2-elf --prefix=/builds/idf/crosstool-NG/builds/xtensa-esp32s2-elf --exec_prefix=/builds/idf/crosstool-NG/builds/xtensa-esp32s2-elf --with-local-prefix=/builds/idf/crosstool-NG/builds/xtensa-esp32s2-elf/xtensa-esp32s2-elf --with-headers=/builds/idf/crosstool-NG/builds/xtensa-esp32s2-elf/xtensa-esp32s2-elf/include --with-newlib --enable-threads=no --disable-shared --with-pkgversion='crosstool-NG esp-12.2.0_20230208' --disable-__cxa_atexit --enable-cxx-flags=-ffunction-sections --disable-libgomp --disable-libmudflap --disable-libmpx --disable-libssp --disable-libquadmath --disable-libquadmath-support --disable-libstdcxx-verbose --with-gmp=/builds/idf/crosstool-NG/.build/xtensa-esp32s2-elf/buildtools --with-mpfr=/builds/idf/crosstool-NG/.build/xtensa-esp32s2-elf/buildtools --with-mpc=/builds/idf/crosstool-NG/.build/xtensa-esp32s2-elf/buildtools --with-isl=/builds/idf/crosstool-NG/.build/xtensa-esp32s2-elf/buildtools --enable-lto --enable-target-optspace --without-long-double-128 --disable-nls --enable-multiarch --enable-languages=c,c++ --disable-libstdcxx-verbose --enable-threads=posix --enable-gcov-custom-rtio --enable-libstdcxx-time=yes
Thread model: posix
Supported LTO compression algorithms: zlib
gcc version 12.2.0 (crosstool-NG esp-12.2.0_20230208) 
COMPILER_PATH=/home/kalata23/.espressif/tools/xtensa-esp32s2-elf/esp-12.2.0_20230208/xtensa-esp32s2-elf/bin/../libexec/gcc/xtensa-esp32s2-elf/12.2.0/:/home/kalata23/.espressif/tools/xtensa-esp32s2-elf/esp-12.2.0_20230208/xtensa-esp32s2-elf/bin/../libexec/gcc/:/home/kalata23/.espressif/tools/xtensa-esp32s2-elf/esp-12.2.0_20230208/xtensa-esp32s2-elf/bin/../lib/gcc/xtensa-esp32s2-elf/12.2.0/../../../../xtensa-esp32s2-elf/bin/
LIBRARY_PATH=/home/kalata23/.espressif/tools/xtensa-esp32s2-elf/esp-12.2.0_20230208/xtensa-esp32s2-elf/bin/../lib/gcc/xtensa-esp32s2-elf/12.2.0/:/home/kalata23/.espressif/tools/xtensa-esp32s2-elf/esp-12.2.0_20230208/xtensa-esp32s2-elf/bin/../lib/gcc/:/home/kalata23/.espressif/tools/xtensa-esp32s2-elf/esp-12.2.0_20230208/xtensa-esp32s2-elf/bin/../lib/gcc/xtensa-esp32s2-elf/12.2.0/../../../../xtensa-esp32s2-elf/lib/
COLLECT_GCC_OPTIONS='-mlongcalls' '-v' '-o' 'cmTC_82978' '-dumpdir' 'cmTC_82978.'
 /home/kalata23/.espressif/tools/xtensa-esp32s2-elf/esp-12.2.0_20230208/xtensa-esp32s2-elf/bin/../libexec/gcc/xtensa-esp32s2-elf/12.2.0/collect2 -plugin /home/kalata23/.espressif/tools/xtensa-esp32s2-elf/esp-12.2.0_20230208/xtensa-esp32s2-elf/bin/../libexec/gcc/xtensa-esp32s2-elf/12.2.0/liblto_plugin.so -plugin-opt=/home/kalata23/.espressif/tools/xtensa-esp32s2-elf/esp-12.2.0_20230208/xtensa-esp32s2-elf/bin/../libexec/gcc/xtensa-esp32s2-elf/12.2.0/lto-wrapper -plugin-opt=-fresolution=/tmp/cc8PylWi.res -plugin-opt=-pass-through=-lgcc -plugin-opt=-pass-through=-lc -plugin-opt=-pass-through=-lnosys -plugin-opt=-pass-through=-lc -plugin-opt=-pass-through=-lgcc -o cmTC_82978 /home/kalata23/.espressif/tools/xtensa-esp32s2-elf/esp-12.2.0_20230208/xtensa-esp32s2-elf/bin/../lib/gcc/xtensa-esp32s2-elf/12.2.0/../../../../xtensa-esp32s2-elf/lib/crt0.o /home/kalata23/.espressif/tools/xtensa-esp32s2-elf/esp-12.2.0_20230208/xtensa-esp32s2-elf/bin/../lib/gcc/xtensa-esp32s2-elf/12.2.0/crti.o /home/kalata23/.espressif/tools/xtensa-esp32s2-elf/esp-12.2.0_20230208/xtensa-esp32s2-elf/bin/../lib/gcc/xtensa-esp32s2-elf/12.2.0/crtbegin.o -L/home/kalata23/.espressif/tools/xtensa-esp32s2-elf/esp-12.2.0_20230208/xtensa-esp32s2-elf/bin/../lib/gcc/xtensa-esp32s2-elf/12.2.0 -L/home/kalata23/.espressif/tools/xtensa-esp32s2-elf/esp-12.2.0_20230208/xtensa-esp32s2-elf/bin/../lib/gcc -L/home/kalata23/.espressif/tools/xtensa-esp32s2-elf/esp-12.2.0_20230208/xtensa-esp32s2-elf/bin/../lib/gcc/xtensa-esp32s2-elf/12.2.0/../../../../xtensa-esp32s2-elf/lib CMakeFiles/cmTC_82978.dir/CMakeCXXCompilerABI.cpp.obj -lstdc++ -lm -lgcc -lc -lnosys -lc -lgcc /home/kalata23/.espressif/tools/xtensa-esp32s2-elf/esp-12.2.0_20230208/xtensa-esp32s2-elf/bin/../lib/gcc/xtensa-esp32s2-elf/12.2.0/crtend.o /home/kalata23/.espressif/tools/xtensa-esp32s2-elf/esp-12.2.0_20230208/xtensa-esp32s2-elf/bin/../lib/gcc/xtensa-esp32s2-elf/12.2.0/crtn.o
COLLECT_GCC_OPTIONS='-mlongcalls' '-v' '-o' 'cmTC_82978' '-dumpdir' 'cmTC_82978.'
gmake[4]: Leaving directory '/home/kalata23/github/esp32s2-cookbook/ch32v003programmer/bootloader/CMakeFiles/CMakeScratch/TryCompile-1gaOgw'
gmake[3]: Leaving directory '/home/kalata23/github/esp32s2-cookbook/ch32v003programmer/bootloader/CMakeFiles/CMakeScratch/TryCompile-1gaOgw'



Parsed CXX implicit include dir info from above output: rv=done
  found start of include info
  found start of implicit include info
    add: [/home/kalata23/.espressif/tools/xtensa-esp32s2-elf/esp-12.2.0_20230208/xtensa-esp32s2-elf/bin/../lib/gcc/xtensa-esp32s2-elf/12.2.0/../../../../xtensa-esp32s2-elf/include/c++/12.2.0]
    add: [/home/kalata23/.espressif/tools/xtensa-esp32s2-elf/esp-12.2.0_20230208/xtensa-esp32s2-elf/bin/../lib/gcc/xtensa-esp32s2-elf/12.2.0/../../../../xtensa-esp32s2-elf/include/c++/12.2.0/xtensa-esp32s2-elf]
    add: [/home/kalata23/.espressif/tools/xtensa-esp32s2-elf/esp-12.2.0_20230208/xtensa-esp32s2-elf/bin/../lib/gcc/xtensa-esp32s2-elf/12.2.0/../../../../xtensa-esp32s2-elf/include/c++/12.2.0/backward]
    add: [/home/kalata23/.espressif/tools/xtensa-esp32s2-elf/esp-12.2.0_20230208/xtensa-esp32s2-elf/bin/../lib/gcc/xtensa-esp32s2-elf/12.2.0/include]
    add: [/home/kalata23/.espressif/tools/xtensa-esp32s2-elf/esp-12.2.0_20230208/xtensa-esp32s2-elf/bin/../lib/gcc/xtensa-esp32s2-elf/12.2.0/include-fixed]
    add: [/home/kalata23/.espressif/tools/xtensa-esp32s2-elf/esp-12.2.0_20230208/xtensa-esp32s2-elf/bin/../lib/gcc/xtensa-esp32s2-elf/12.2.0/../../../../xtensa-esp32s2-elf/sys-include]
    add: [/home/kalata23/.espressif/tools/xtensa-esp32s2-elf/esp-12.2.0_20230208/xtensa-esp32s2-elf/bin/../lib/gcc/xtensa-esp32s2-elf/12.2.0/../../../../xtensa-esp32s2-elf/include]
  end of search list found
  collapse include dir [/home/kalata23/.espressif/tools/xtensa-esp32s2-elf/esp-12.2.0_20230208/xtensa-esp32s2-elf/bin/../lib/gcc/xtensa-esp32s2-elf/12.2.0/../../../../xtensa-esp32s2-elf/include/c++/12.2.0] ==> [/home/kalata23/.espressif/tools/xtensa-esp32s2-elf/esp-12.2.0_20230208/xtensa-esp32s2-elf/xtensa-esp32s2-elf/include/c++/12.2.0]
  collapse include dir [/home/kalata23/.espressif/tools/xtensa-esp32s2-elf/esp-12.2.0_20230208/xtensa-esp32s2-elf/bin/../lib/gcc/xtensa-esp32s2-elf/12.2.0/../../../../xtensa-esp32s2-elf/include/c++/12.2.0/xtensa-esp32s2-elf] ==> [/home/kalata23/.espressif/tools/xtensa-esp32s2-elf/esp-12.2.0_20230208/xtensa-esp32s2-elf/xtensa-esp32s2-elf/include/c++/12.2.0/xtensa-esp32s2-elf]
  collapse include dir [/home/kalata23/.espressif/tools/xtensa-esp32s2-elf/esp-12.2.0_20230208/xtensa-esp32s2-elf/bin/../lib/gcc/xtensa-esp32s2-elf/12.2.0/../../../../xtensa-esp32s2-elf/include/c++/12.2.0/backward] ==> [/home/kalata23/.espressif/tools/xtensa-esp32s2-elf/esp-12.2.0_20230208/xtensa-esp32s2-elf/xtensa-esp32s2-elf/include/c++/12.2.0/backward]
  collapse include dir [/home/kalata23/.espressif/tools/xtensa-esp32s2-elf/esp-12.2.0_20230208/xtensa-esp32s2-elf/bin/../lib/gcc/xtensa-esp32s2-elf/12.2.0/include] ==> [/home/kalata23/.espressif/tools/xtensa-esp32s2-elf/esp-12.2.0_20230208/xtensa-esp32s2-elf/lib/gcc/xtensa-esp32s2-elf/12.2.0/include]
  collapse include dir [/home/kalata23/.espressif/tools/xtensa-esp32s2-elf/esp-12.2.0_20230208/xtensa-esp32s2-elf/bin/../lib/gcc/xtensa-esp32s2-elf/12.2.0/include-fixed] ==> [/home/kalata23/.espressif/tools/xtensa-esp32s2-elf/esp-12.2.0_20230208/xtensa-esp32s2-elf/lib/gcc/xtensa-esp32s2-elf/12.2.0/include-fixed]
  collapse include dir [/home/kalata23/.espressif/tools/xtensa-esp32s2-elf/esp-12.2.0_20230208/xtensa-esp32s2-elf/bin/../lib/gcc/xtensa-esp32s2-elf/12.2.0/../../../../xtensa-esp32s2-elf/sys-include] ==> [/home/kalata23/.espressif/tools/xtensa-esp32s2-elf/esp-12.2.0_20230208/xtensa-esp32s2-elf/xtensa-esp32s2-elf/sys-include]
  collapse include dir [/home/kalata23/.espressif/tools/xtensa-esp32s2-elf/esp-12.2.0_20230208/xtensa-esp32s2-elf/bin/../lib/gcc/xtensa-esp32s2-elf/12.2.0/../../../../xtensa-esp32s2-elf/include] ==> [/home/kalata23/.espressif/tools/xtensa-esp32s2-elf/esp-12.2.0_20230208/xtensa-esp32s2-elf/xtensa-esp32s2-elf/include]
  implicit include dirs: [/home/kalata23/.espressif/tools/xtensa-esp32s2-elf/esp-12.2.0_20230208/xtensa-esp32s2-elf/xtensa-esp32s2-elf/include/c++/12.2.0;/home/kalata23/.espressif/tools/xtensa-esp32s2-elf/esp-12.2.0_20230208/xtensa-esp32s2-elf/xtensa-esp32s2-elf/include/c++/12.2.0/xtensa-esp32s2-elf;/home/kalata23/.espressif/tools/xtensa-esp32s2-elf/esp-12.2.0_20230208/xtensa-esp32s2-elf/xtensa-esp32s2-elf/include/c++/12.2.0/backward;/home/kalata23/.espressif/tools/xtensa-esp32s2-elf/esp-12.2.0_20230208/xtensa-esp32s2-elf/lib/gcc/xtensa-esp32s2-elf/12.2.0/include;/home/kalata23/.espressif/tools/xtensa-esp32s2-elf/esp-12.2.0_20230208/xtensa-esp32s2-elf/lib/gcc/xtensa-esp32s2-elf/12.2.0/include-fixed;/home/kalata23/.espressif/tools/xtensa-esp32s2-elf/esp-12.2.0_20230208/xtensa-esp32s2-elf/xtensa-esp32s2-elf/sys-include;/home/kalata23/.espressif/tools/xtensa-esp32s2-elf/esp-12.2.0_20230208/xtensa-esp32s2-elf/xtensa-esp32s2-elf/include]


Parsed CXX implicit link information from above output:
  link line regex: [^( *|.*[/\])(xtensa-esp32s2-elf-ld|CMAKE_LINK_STARTFILE-NOTFOUND|([^/\]+-)?ld|collect2)[^/\]*( |$)]
  ignore line: [Change Dir: /home/kalata23/github/esp32s2-cookbook/ch32v003programmer/bootloader/CMakeFiles/CMakeScratch/TryCompile-1gaOgw]
  ignore line: []
  ignore line: [Run Build Command(s):/usr/bin/gmake -f Makefile cmTC_82978/fast && gmake[3]: Entering directory '/home/kalata23/github/esp32s2-cookbook/ch32v003programmer/bootloader/CMakeFiles/CMakeScratch/TryCompile-1gaOgw']
  ignore line: [/usr/bin/gmake  -f CMakeFiles/cmTC_82978.dir/build.make CMakeFiles/cmTC_82978.dir/build]
  ignore line: [gmake[4]: Entering directory '/home/kalata23/github/esp32s2-cookbook/ch32v003programmer/bootloader/CMakeFiles/CMakeScratch/TryCompile-1gaOgw']
  ignore line: [Building CXX object CMakeFiles/cmTC_82978.dir/CMakeCXXCompilerABI.cpp.obj]
  ignore line: [/home/kalata23/.espressif/tools/xtensa-esp32s2-elf/esp-12.2.0_20230208/xtensa-esp32s2-elf/bin/xtensa-esp32s2-elf-g++   -mlongcalls     -v -o CMakeFiles/cmTC_82978.dir/CMakeCXXCompilerABI.cpp.obj -c /usr/share/cmake-3.25/Modules/CMakeCXXCompilerABI.cpp]
  ignore line: [Using built-in specs.]
  ignore line: [COLLECT_GCC=/home/kalata23/.espressif/tools/xtensa-esp32s2-elf/esp-12.2.0_20230208/xtensa-esp32s2-elf/bin/xtensa-esp32s2-elf-g++]
  ignore line: [Target: xtensa-esp32s2-elf]
  ignore line: [Configured with: /builds/idf/crosstool-NG/.build/xtensa-esp32s2-elf/src/gcc/configure --build=x86_64-build_pc-linux-gnu --host=x86_64-build_pc-linux-gnu --target=xtensa-esp32s2-elf --prefix=/builds/idf/crosstool-NG/builds/xtensa-esp32s2-elf --exec_prefix=/builds/idf/crosstool-NG/builds/xtensa-esp32s2-elf --with-local-prefix=/builds/idf/crosstool-NG/builds/xtensa-esp32s2-elf/xtensa-esp32s2-elf --with-headers=/builds/idf/crosstool-NG/builds/xtensa-esp32s2-elf/xtensa-esp32s2-elf/include --with-newlib --enable-threads=no --disable-shared --with-pkgversion='crosstool-NG esp-12.2.0_20230208' --disable-__cxa_atexit --enable-cxx-flags=-ffunction-sections --disable-libgomp --disable-libmudflap --disable-libmpx --disable-libssp --disable-libquadmath --disable-libquadmath-support --disable-libstdcxx-verbose --with-gmp=/builds/idf/crosstool-NG/.build/xtensa-esp32s2-elf/buildtools --with-mpfr=/builds/idf/crosstool-NG/.build/xtensa-esp32s2-elf/buildtools --with-mpc=/builds/idf/crosstool-NG/.build/xtensa-esp32s2-elf/buildtools --with-isl=/builds/idf/crosstool-NG/.build/xtensa-esp32s2-elf/buildtools --enable-lto --enable-target-optspace --without-long-double-128 --disable-nls --enable-multiarch --enable-languages=c c++ --disable-libstdcxx-verbose --enable-threads=posix --enable-gcov-custom-rtio --enable-libstdcxx-time=yes]
  ignore line: [Thread model: posix]
  ignore line: [Supported LTO compression algorithms: zlib]
  ignore line: [gcc version 12.2.0 (crosstool-NG esp-12.2.0_20230208) ]
  ignore line: [COLLECT_GCC_OPTIONS='-mlongcalls' '-v' '-o' 'CMakeFiles/cmTC_82978.dir/CMakeCXXCompilerABI.cpp.obj' '-c' '-dumpdir' 'CMakeFiles/cmTC_82978.dir/']
  ignore line: [ /home/kalata23/.espressif/tools/xtensa-esp32s2-elf/esp-12.2.0_20230208/xtensa-esp32s2-elf/bin/../libexec/gcc/xtensa-esp32s2-elf/12.2.0/cc1plus -quiet -v -iprefix /home/kalata23/.espressif/tools/xtensa-esp32s2-elf/esp-12.2.0_20230208/xtensa-esp32s2-elf/bin/../lib/gcc/xtensa-esp32s2-elf/12.2.0/ /usr/share/cmake-3.25/Modules/CMakeCXXCompilerABI.cpp -quiet -dumpdir CMakeFiles/cmTC_82978.dir/ -dumpbase CMakeCXXCompilerABI.cpp.cpp -dumpbase-ext .cpp -mlongcalls -version -o /tmp/ccsXUbF3.s]
  ignore line: [GNU C++17 (crosstool-NG esp-12.2.0_20230208) version 12.2.0 (xtensa-esp32s2-elf)]
  ignore line: [	compiled by GNU C version 4.9.2  GMP version 6.2.1  MPFR version 4.1.0  MPC version 1.2.1  isl version isl-0.24-GMP]
  ignore line: []
  ignore line: [GGC heuristics: --param ggc-min-expand=100 --param ggc-min-heapsize=131072]
  ignore line: [ignoring duplicate directory "/home/kalata23/.espressif/tools/xtensa-esp32s2-elf/esp-12.2.0_20230208/xtensa-esp32s2-elf/bin/../lib/gcc/../../lib/gcc/xtensa-esp32s2-elf/12.2.0/../../../../xtensa-esp32s2-elf/include/c++/12.2.0"]
  ignore line: [ignoring duplicate directory "/home/kalata23/.espressif/tools/xtensa-esp32s2-elf/esp-12.2.0_20230208/xtensa-esp32s2-elf/bin/../lib/gcc/../../lib/gcc/xtensa-esp32s2-elf/12.2.0/../../../../xtensa-esp32s2-elf/include/c++/12.2.0/xtensa-esp32s2-elf"]
  ignore line: [ignoring duplicate directory "/home/kalata23/.espressif/tools/xtensa-esp32s2-elf/esp-12.2.0_20230208/xtensa-esp32s2-elf/bin/../lib/gcc/../../lib/gcc/xtensa-esp32s2-elf/12.2.0/../../../../xtensa-esp32s2-elf/include/c++/12.2.0/backward"]
  ignore line: [ignoring duplicate directory "/home/kalata23/.espressif/tools/xtensa-esp32s2-elf/esp-12.2.0_20230208/xtensa-esp32s2-elf/bin/../lib/gcc/../../lib/gcc/xtensa-esp32s2-elf/12.2.0/include"]
  ignore line: [ignoring duplicate directory "/home/kalata23/.espressif/tools/xtensa-esp32s2-elf/esp-12.2.0_20230208/xtensa-esp32s2-elf/bin/../lib/gcc/../../lib/gcc/xtensa-esp32s2-elf/12.2.0/include-fixed"]
  ignore line: [ignoring duplicate directory "/home/kalata23/.espressif/tools/xtensa-esp32s2-elf/esp-12.2.0_20230208/xtensa-esp32s2-elf/bin/../lib/gcc/../../lib/gcc/xtensa-esp32s2-elf/12.2.0/../../../../xtensa-esp32s2-elf/sys-include"]
  ignore line: [ignoring duplicate directory "/home/kalata23/.espressif/tools/xtensa-esp32s2-elf/esp-12.2.0_20230208/xtensa-esp32s2-elf/bin/../lib/gcc/../../lib/gcc/xtensa-esp32s2-elf/12.2.0/../../../../xtensa-esp32s2-elf/include"]
  ignore line: [#include "..." search starts here:]
  ignore line: [#include <...> search starts here:]
  ignore line: [ /home/kalata23/.espressif/tools/xtensa-esp32s2-elf/esp-12.2.0_20230208/xtensa-esp32s2-elf/bin/../lib/gcc/xtensa-esp32s2-elf/12.2.0/../../../../xtensa-esp32s2-elf/include/c++/12.2.0]
  ignore line: [ /home/kalata23/.espressif/tools/xtensa-esp32s2-elf/esp-12.2.0_20230208/xtensa-esp32s2-elf/bin/../lib/gcc/xtensa-esp32s2-elf/12.2.0/../../../../xtensa-esp32s2-elf/include/c++/12.2.0/xtensa-esp32s2-elf]
  ignore line: [ /home/kalata23/.espressif/tools/xtensa-esp32s2-elf/esp-12.2.0_20230208/xtensa-esp32s2-elf/bin/../lib/gcc/xtensa-esp32s2-elf/12.2.0/../../../../xtensa-esp32s2-elf/include/c++/12.2.0/backward]
  ignore line: [ /home/kalata23/.espressif/tools/xtensa-esp32s2-elf/esp-12.2.0_20230208/xtensa-esp32s2-elf/bin/../lib/gcc/xtensa-esp32s2-elf/12.2.0/include]
  ignore line: [ /home/kalata23/.espressif/tools/xtensa-esp32s2-elf/esp-12.2.0_20230208/xtensa-esp32s2-elf/bin/../lib/gcc/xtensa-esp32s2-elf/12.2.0/include-fixed]
  ignore line: [ /home/kalata23/.espressif/tools/xtensa-esp32s2-elf/esp-12.2.0_20230208/xtensa-esp32s2-elf/bin/../lib/gcc/xtensa-esp32s2-elf/12.2.0/../../../../xtensa-esp32s2-elf/sys-include]
  ignore line: [ /home/kalata23/.espressif/tools/xtensa-esp32s2-elf/esp-12.2.0_20230208/xtensa-esp32s2-elf/bin/../lib/gcc/xtensa-esp32s2-elf/12.2.0/../../../../xtensa-esp32s2-elf/include]
  ignore line: [End of search list.]
  ignore line: [GNU C++17 (crosstool-NG esp-12.2.0_20230208) version 12.2.0 (xtensa-esp32s2-elf)]
  ignore line: [	compiled by GNU C version 4.9.2  GMP version 6.2.1  MPFR version 4.1.0  MPC version 1.2.1  isl version isl-0.24-GMP]
  ignore line: []
  ignore line: [GGC heuristics: --param ggc-min-expand=100 --param ggc-min-heapsize=131072]
  ignore line: [Compiler executable checksum: 3bcb585a06973bbfe7bb19197186bcb7]
  ignore line: [COLLECT_GCC_OPTIONS='-mlongcalls' '-v' '-o' 'CMakeFiles/cmTC_82978.dir/CMakeCXXCompilerABI.cpp.obj' '-c' '-dumpdir' 'CMakeFiles/cmTC_82978.dir/']
  ignore line: [ /home/kalata23/.espressif/tools/xtensa-esp32s2-elf/esp-12.2.0_20230208/xtensa-esp32s2-elf/bin/../lib/gcc/xtensa-esp32s2-elf/12.2.0/../../../../xtensa-esp32s2-elf/bin/as --traditional-format --longcalls -o CMakeFiles/cmTC_82978.dir/CMakeCXXCompilerABI.cpp.obj /tmp/ccsXUbF3.s]
  ignore line: [COMPILER_PATH=/home/kalata23/.espressif/tools/xtensa-esp32s2-elf/esp-12.2.0_20230208/xtensa-esp32s2-elf/bin/../libexec/gcc/xtensa-esp32s2-elf/12.2.0/:/home/kalata23/.espressif/tools/xtensa-esp32s2-elf/esp-12.2.0_20230208/xtensa-esp32s2-elf/bin/../libexec/gcc/:/home/kalata23/.espressif/tools/xtensa-esp32s2-elf/esp-12.2.0_20230208/xtensa-esp32s2-elf/bin/../lib/gcc/xtensa-esp32s2-elf/12.2.0/../../../../xtensa-esp32s2-elf/bin/]
  ignore line: [LIBRARY_PATH=/home/kalata23/.espressif/tools/xtensa-esp32s2-elf/esp-12.2.0_20230208/xtensa-esp32s2-elf/bin/../lib/gcc/xtensa-esp32s2-elf/12.2.0/:/home/kalata23/.espressif/tools/xtensa-esp32s2-elf/esp-12.2.0_20230208/xtensa-esp32s2-elf/bin/../lib/gcc/:/home/kalata23/.espressif/tools/xtensa-esp32s2-elf/esp-12.2.0_20230208/xtensa-esp32s2-elf/bin/../lib/gcc/xtensa-esp32s2-elf/12.2.0/../../../../xtensa-esp32s2-elf/lib/]
  ignore line: [COLLECT_GCC_OPTIONS='-mlongcalls' '-v' '-o' 'CMakeFiles/cmTC_82978.dir/CMakeCXXCompilerABI.cpp.obj' '-c' '-dumpdir' 'CMakeFiles/cmTC_82978.dir/CMakeCXXCompilerABI.cpp.']
  ignore line: [Linking CXX executable cmTC_82978]
  ignore line: [/usr/bin/cmake -E cmake_link_script CMakeFiles/cmTC_82978.dir/link.txt --verbose=1]
  ignore line: [/home/kalata23/.espressif/tools/xtensa-esp32s2-elf/esp-12.2.0_20230208/xtensa-esp32s2-elf/bin/xtensa-esp32s2-elf-g++ -mlongcalls    -v CMakeFiles/cmTC_82978.dir/CMakeCXXCompilerABI.cpp.obj -o cmTC_82978 ]
  ignore line: [Using built-in specs.]
  ignore line: [COLLECT_GCC=/home/kalata23/.espressif/tools/xtensa-esp32s2-elf/esp-12.2.0_20230208/xtensa-esp32s2-elf/bin/xtensa-esp32s2-elf-g++]
  ignore line: [COLLECT_LTO_WRAPPER=/home/kalata23/.espressif/tools/xtensa-esp32s2-elf/esp-12.2.0_20230208/xtensa-esp32s2-elf/bin/../libexec/gcc/xtensa-esp32s2-elf/12.2.0/lto-wrapper]
  ignore line: [Target: xtensa-esp32s2-elf]
  ignore line: [Configured with: /builds/idf/crosstool-NG/.build/xtensa-esp32s2-elf/src/gcc/configure --build=x86_64-build_pc-linux-gnu --host=x86_64-build_pc-linux-gnu --target=xtensa-esp32s2-elf --prefix=/builds/idf/crosstool-NG/builds/xtensa-esp32s2-elf --exec_prefix=/builds/idf/crosstool-NG/builds/xtensa-esp32s2-elf --with-local-prefix=/builds/idf/crosstool-NG/builds/xtensa-esp32s2-elf/xtensa-esp32s2-elf --with-headers=/builds/idf/crosstool-NG/builds/xtensa-esp32s2-elf/xtensa-esp32s2-elf/include --with-newlib --enable-threads=no --disable-shared --with-pkgversion='crosstool-NG esp-12.2.0_20230208' --disable-__cxa_atexit --enable-cxx-flags=-ffunction-sections --disable-libgomp --disable-libmudflap --disable-libmpx --disable-libssp --disable-libquadmath --disable-libquadmath-support --disable-libstdcxx-verbose --with-gmp=/builds/idf/crosstool-NG/.build/xtensa-esp32s2-elf/buildtools --with-mpfr=/builds/idf/crosstool-NG/.build/xtensa-esp32s2-elf/buildtools --with-mpc=/builds/idf/crosstool-NG/.build/xtensa-esp32s2-elf/buildtools --with-isl=/builds/idf/crosstool-NG/.build/xtensa-esp32s2-elf/buildtools --enable-lto --enable-target-optspace --without-long-double-128 --disable-nls --enable-multiarch --enable-languages=c c++ --disable-libstdcxx-verbose --enable-threads=posix --enable-gcov-custom-rtio --enable-libstdcxx-time=yes]
  ignore line: [Thread model: posix]
  ignore line: [Supported LTO compression algorithms: zlib]
  ignore line: [gcc version 12.2.0 (crosstool-NG esp-12.2.0_20230208) ]
  ignore line: [COMPILER_PATH=/home/kalata23/.espressif/tools/xtensa-esp32s2-elf/esp-12.2.0_20230208/xtensa-esp32s2-elf/bin/../libexec/gcc/xtensa-esp32s2-elf/12.2.0/:/home/kalata23/.espressif/tools/xtensa-esp32s2-elf/esp-12.2.0_20230208/xtensa-esp32s2-elf/bin/../libexec/gcc/:/home/kalata23/.espressif/tools/xtensa-esp32s2-elf/esp-12.2.0_20230208/xtensa-esp32s2-elf/bin/../lib/gcc/xtensa-esp32s2-elf/12.2.0/../../../../xtensa-esp32s2-elf/bin/]
  ignore line: [LIBRARY_PATH=/home/kalata23/.espressif/tools/xtensa-esp32s2-elf/esp-12.2.0_20230208/xtensa-esp32s2-elf/bin/../lib/gcc/xtensa-esp32s2-elf/12.2.0/:/home/kalata23/.espressif/tools/xtensa-esp32s2-elf/esp-12.2.0_20230208/xtensa-esp32s2-elf/bin/../lib/gcc/:/home/kalata23/.espressif/tools/xtensa-esp32s2-elf/esp-12.2.0_20230208/xtensa-esp32s2-elf/bin/../lib/gcc/xtensa-esp32s2-elf/12.2.0/../../../../xtensa-esp32s2-elf/lib/]
  ignore line: [COLLECT_GCC_OPTIONS='-mlongcalls' '-v' '-o' 'cmTC_82978' '-dumpdir' 'cmTC_82978.']
  link line: [ /home/kalata23/.espressif/tools/xtensa-esp32s2-elf/esp-12.2.0_20230208/xtensa-esp32s2-elf/bin/../libexec/gcc/xtensa-esp32s2-elf/12.2.0/collect2 -plugin /home/kalata23/.espressif/tools/xtensa-esp32s2-elf/esp-12.2.0_20230208/xtensa-esp32s2-elf/bin/../libexec/gcc/xtensa-esp32s2-elf/12.2.0/liblto_plugin.so -plugin-opt=/home/kalata23/.espressif/tools/xtensa-esp32s2-elf/esp-12.2.0_20230208/xtensa-esp32s2-elf/bin/../libexec/gcc/xtensa-esp32s2-elf/12.2.0/lto-wrapper -plugin-opt=-fresolution=/tmp/cc8PylWi.res -plugin-opt=-pass-through=-lgcc -plugin-opt=-pass-through=-lc -plugin-opt=-pass-through=-lnosys -plugin-opt=-pass-through=-lc -plugin-opt=-pass-through=-lgcc -o cmTC_82978 /home/kalata23/.espressif/tools/xtensa-esp32s2-elf/esp-12.2.0_20230208/xtensa-esp32s2-elf/bin/../lib/gcc/xtensa-esp32s2-elf/12.2.0/../../../../xtensa-esp32s2-elf/lib/crt0.o /home/kalata23/.espressif/tools/xtensa-esp32s2-elf/esp-12.2.0_20230208/xtensa-esp32s2-elf/bin/../lib/gcc/xtensa-esp32s2-elf/12.2.0/crti.o /home/kalata23/.espressif/tools/xtensa-esp32s2-elf/esp-12.2.0_20230208/xtensa-esp32s2-elf/bin/../lib/gcc/xtensa-esp32s2-elf/12.2.0/crtbegin.o -L/home/kalata23/.espressif/tools/xtensa-esp32s2-elf/esp-12.2.0_20230208/xtensa-esp32s2-elf/bin/../lib/gcc/xtensa-esp32s2-elf/12.2.0 -L/home/kalata23/.espressif/tools/xtensa-esp32s2-elf/esp-12.2.0_20230208/xtensa-esp32s2-elf/bin/../lib/gcc -L/home/kalata23/.espressif/tools/xtensa-esp32s2-elf/esp-12.2.0_20230208/xtensa-esp32s2-elf/bin/../lib/gcc/xtensa-esp32s2-elf/12.2.0/../../../../xtensa-esp32s2-elf/lib CMakeFiles/cmTC_82978.dir/CMakeCXXCompilerABI.cpp.obj -lstdc++ -lm -lgcc -lc -lnosys -lc -lgcc /home/kalata23/.espressif/tools/xtensa-esp32s2-elf/esp-12.2.0_20230208/xtensa-esp32s2-elf/bin/../lib/gcc/xtensa-esp32s2-elf/12.2.0/crtend.o /home/kalata23/.espressif/tools/xtensa-esp32s2-elf/esp-12.2.0_20230208/xtensa-esp32s2-elf/bin/../lib/gcc/xtensa-esp32s2-elf/12.2.0/crtn.o]
    arg [/home/kalata23/.espressif/tools/xtensa-esp32s2-elf/esp-12.2.0_20230208/xtensa-esp32s2-elf/bin/../libexec/gcc/xtensa-esp32s2-elf/12.2.0/collect2] ==> ignore
    arg [-plugin] ==> ignore
    arg [/home/kalata23/.espressif/tools/xtensa-esp32s2-elf/esp-12.2.0_20230208/xtensa-esp32s2-elf/bin/../libexec/gcc/xtensa-esp32s2-elf/12.2.0/liblto_plugin.so] ==> ignore
    arg [-plugin-opt=/home/kalata23/.espressif/tools/xtensa-esp32s2-elf/esp-12.2.0_20230208/xtensa-esp32s2-elf/bin/../libexec/gcc/xtensa-esp32s2-elf/12.2.0/lto-wrapper] ==> ignore
    arg [-plugin-opt=-fresolution=/tmp/cc8PylWi.res] ==> ignore
    arg [-plugin-opt=-pass-through=-lgcc] ==> ignore
    arg [-plugin-opt=-pass-through=-lc] ==> ignore
    arg [-plugin-opt=-pass-through=-lnosys] ==> ignore
    arg [-plugin-opt=-pass-through=-lc] ==> ignore
    arg [-plugin-opt=-pass-through=-lgcc] ==> ignore
    arg [-o] ==> ignore
    arg [cmTC_82978] ==> ignore
    arg [/home/kalata23/.espressif/tools/xtensa-esp32s2-elf/esp-12.2.0_20230208/xtensa-esp32s2-elf/bin/../lib/gcc/xtensa-esp32s2-elf/12.2.0/../../../../xtensa-esp32s2-elf/lib/crt0.o] ==> obj [/home/kalata23/.espressif/tools/xtensa-esp32s2-elf/esp-12.2.0_20230208/xtensa-esp32s2-elf/bin/../lib/gcc/xtensa-esp32s2-elf/12.2.0/../../../../xtensa-esp32s2-elf/lib/crt0.o]
    arg [/home/kalata23/.espressif/tools/xtensa-esp32s2-elf/esp-12.2.0_20230208/xtensa-esp32s2-elf/bin/../lib/gcc/xtensa-esp32s2-elf/12.2.0/crti.o] ==> obj [/home/kalata23/.espressif/tools/xtensa-esp32s2-elf/esp-12.2.0_20230208/xtensa-esp32s2-elf/bin/../lib/gcc/xtensa-esp32s2-elf/12.2.0/crti.o]
    arg [/home/kalata23/.espressif/tools/xtensa-esp32s2-elf/esp-12.2.0_20230208/xtensa-esp32s2-elf/bin/../lib/gcc/xtensa-esp32s2-elf/12.2.0/crtbegin.o] ==> obj [/home/kalata23/.espressif/tools/xtensa-esp32s2-elf/esp-12.2.0_20230208/xtensa-esp32s2-elf/bin/../lib/gcc/xtensa-esp32s2-elf/12.2.0/crtbegin.o]
    arg [-L/home/kalata23/.espressif/tools/xtensa-esp32s2-elf/esp-12.2.0_20230208/xtensa-esp32s2-elf/bin/../lib/gcc/xtensa-esp32s2-elf/12.2.0] ==> dir [/home/kalata23/.espressif/tools/xtensa-esp32s2-elf/esp-12.2.0_20230208/xtensa-esp32s2-elf/bin/../lib/gcc/xtensa-esp32s2-elf/12.2.0]
    arg [-L/home/kalata23/.espressif/tools/xtensa-esp32s2-elf/esp-12.2.0_20230208/xtensa-esp32s2-elf/bin/../lib/gcc] ==> dir [/home/kalata23/.espressif/tools/xtensa-esp32s2-elf/esp-12.2.0_20230208/xtensa-esp32s2-elf/bin/../lib/gcc]
    arg [-L/home/kalata23/.espressif/tools/xtensa-esp32s2-elf/esp-12.2.0_20230208/xtensa-esp32s2-elf/bin/../lib/gcc/xtensa-esp32s2-elf/12.2.0/../../../../xtensa-esp32s2-elf/lib] ==> dir [/home/kalata23/.espressif/tools/xtensa-esp32s2-elf/esp-12.2.0_20230208/xtensa-esp32s2-elf/bin/../lib/gcc/xtensa-esp32s2-elf/12.2.0/../../../../xtensa-esp32s2-elf/lib]
    arg [CMakeFiles/cmTC_82978.dir/CMakeCXXCompilerABI.cpp.obj] ==> ignore
    arg [-lstdc++] ==> lib [stdc++]
    arg [-lm] ==> lib [m]
    arg [-lgcc] ==> lib [gcc]
    arg [-lc] ==> lib [c]
    arg [-lnosys] ==> lib [nosys]
    arg [-lc] ==> lib [c]
    arg [-lgcc] ==> lib [gcc]
    arg [/home/kalata23/.espressif/tools/xtensa-esp32s2-elf/esp-12.2.0_20230208/xtensa-esp32s2-elf/bin/../lib/gcc/xtensa-esp32s2-elf/12.2.0/crtend.o] ==> obj [/home/kalata23/.espressif/tools/xtensa-esp32s2-elf/esp-12.2.0_20230208/xtensa-esp32s2-elf/bin/../lib/gcc/xtensa-esp32s2-elf/12.2.0/crtend.o]
    arg [/home/kalata23/.espressif/tools/xtensa-esp32s2-elf/esp-12.2.0_20230208/xtensa-esp32s2-elf/bin/../lib/gcc/xtensa-esp32s2-elf/12.2.0/crtn.o] ==> obj [/home/kalata23/.espressif/tools/xtensa-esp32s2-elf/esp-12.2.0_20230208/xtensa-esp32s2-elf/bin/../lib/gcc/xtensa-esp32s2-elf/12.2.0/crtn.o]
  collapse obj [/home/kalata23/.espressif/tools/xtensa-esp32s2-elf/esp-12.2.0_20230208/xtensa-esp32s2-elf/bin/../lib/gcc/xtensa-esp32s2-elf/12.2.0/../../../../xtensa-esp32s2-elf/lib/crt0.o] ==> [/home/kalata23/.espressif/tools/xtensa-esp32s2-elf/esp-12.2.0_20230208/xtensa-esp32s2-elf/xtensa-esp32s2-elf/lib/crt0.o]
  collapse obj [/home/kalata23/.espressif/tools/xtensa-esp32s2-elf/esp-12.2.0_20230208/xtensa-esp32s2-elf/bin/../lib/gcc/xtensa-esp32s2-elf/12.2.0/crti.o] ==> [/home/kalata23/.espressif/tools/xtensa-esp32s2-elf/esp-12.2.0_20230208/xtensa-esp32s2-elf/lib/gcc/xtensa-esp32s2-elf/12.2.0/crti.o]
  collapse obj [/home/kalata23/.espressif/tools/xtensa-esp32s2-elf/esp-12.2.0_20230208/xtensa-esp32s2-elf/bin/../lib/gcc/xtensa-esp32s2-elf/12.2.0/crtbegin.o] ==> [/home/kalata23/.espressif/tools/xtensa-esp32s2-elf/esp-12.2.0_20230208/xtensa-esp32s2-elf/lib/gcc/xtensa-esp32s2-elf/12.2.0/crtbegin.o]
  collapse obj [/home/kalata23/.espressif/tools/xtensa-esp32s2-elf/esp-12.2.0_20230208/xtensa-esp32s2-elf/bin/../lib/gcc/xtensa-esp32s2-elf/12.2.0/crtend.o] ==> [/home/kalata23/.espressif/tools/xtensa-esp32s2-elf/esp-12.2.0_20230208/xtensa-esp32s2-elf/lib/gcc/xtensa-esp32s2-elf/12.2.0/crtend.o]
  collapse obj [/home/kalata23/.espressif/tools/xtensa-esp32s2-elf/esp-12.2.0_20230208/xtensa-esp32s2-elf/bin/../lib/gcc/xtensa-esp32s2-elf/12.2.0/crtn.o] ==> [/home/kalata23/.espressif/tools/xtensa-esp32s2-elf/esp-12.2.0_20230208/xtensa-esp32s2-elf/lib/gcc/xtensa-esp32s2-elf/12.2.0/crtn.o]
  collapse library dir [/home/kalata23/.espressif/tools/xtensa-esp32s2-elf/esp-12.2.0_20230208/xtensa-esp32s2-elf/bin/../lib/gcc/xtensa-esp32s2-elf/12.2.0] ==> [/home/kalata23/.espressif/tools/xtensa-esp32s2-elf/esp-12.2.0_20230208/xtensa-esp32s2-elf/lib/gcc/xtensa-esp32s2-elf/12.2.0]
  collapse library dir [/home/kalata23/.espressif/tools/xtensa-esp32s2-elf/esp-12.2.0_20230208/xtensa-esp32s2-elf/bin/../lib/gcc] ==> [/home/kalata23/.espressif/tools/xtensa-esp32s2-elf/esp-12.2.0_20230208/xtensa-esp32s2-elf/lib/gcc]
  collapse library dir [/home/kalata23/.espressif/tools/xtensa-esp32s2-elf/esp-12.2.0_20230208/xtensa-esp32s2-elf/bin/../lib/gcc/xtensa-esp32s2-elf/12.2.0/../../../../xtensa-esp32s2-elf/lib] ==> [/home/kalata23/.espressif/tools/xtensa-esp32s2-elf/esp-12.2.0_20230208/xtensa-esp32s2-elf/xtensa-esp32s2-elf/lib]
  implicit libs: [stdc++;m;gcc;c;nosys;c;gcc]
  implicit objs: [/home/kalata23/.espressif/tools/xtensa-esp32s2-elf/esp-12.2.0_20230208/xtensa-esp32s2-elf/xtensa-esp32s2-elf/lib/crt0.o;/home/kalata23/.espressif/tools/xtensa-esp32s2-elf/esp-12.2.0_20230208/xtensa-esp32s2-elf/lib/gcc/xtensa-esp32s2-elf/12.2.0/crti.o;/home/kalata23/.espressif/tools/xtensa-esp32s2-elf/esp-12.2.0_20230208/xtensa-esp32s2-elf/lib/gcc/xtensa-esp32s2-elf/12.2.0/crtbegin.o;/home/kalata23/.espressif/tools/xtensa-esp32s2-elf/esp-12.2.0_20230208/xtensa-esp32s2-elf/lib/gcc/xtensa-esp32s2-elf/12.2.0/crtend.o;/home/kalata23/.espressif/tools/xtensa-esp32s2-elf/esp-12.2.0_20230208/xtensa-esp32s2-elf/lib/gcc/xtensa-esp32s2-elf/12.2.0/crtn.o]
  implicit dirs: [/home/kalata23/.espressif/tools/xtensa-esp32s2-elf/esp-12.2.0_20230208/xtensa-esp32s2-elf/lib/gcc/xtensa-esp32s2-elf/12.2.0;/home/kalata23/.espressif/tools/xtensa-esp32s2-elf/esp-12.2.0_20230208/xtensa-esp32s2-elf/lib/gcc;/home/kalata23/.espressif/tools/xtensa-esp32s2-elf/esp-12.2.0_20230208/xtensa-esp32s2-elf/xtensa-esp32s2-elf/lib]
  implicit fwks: []


Determining if the include file sys/types.h exists passed with the following output:
Change Dir: /home/kalata23/github/esp32s2-cookbook/ch32v003programmer/bootloader/CMakeFiles/CMakeScratch/TryCompile-8K72iC

Run Build Command(s):/usr/bin/gmake -f Makefile cmTC_cd120/fast && gmake[3]: Entering directory '/home/kalata23/github/esp32s2-cookbook/ch32v003programmer/bootloader/CMakeFiles/CMakeScratch/TryCompile-8K72iC'
/usr/bin/gmake  -f CMakeFiles/cmTC_cd120.dir/build.make CMakeFiles/cmTC_cd120.dir/build
gmake[4]: Entering directory '/home/kalata23/github/esp32s2-cookbook/ch32v003programmer/bootloader/CMakeFiles/CMakeScratch/TryCompile-8K72iC'
Building C object CMakeFiles/cmTC_cd120.dir/CheckIncludeFile.c.obj
/home/kalata23/.espressif/tools/xtensa-esp32s2-elf/esp-12.2.0_20230208/xtensa-esp32s2-elf/bin/xtensa-esp32s2-elf-gcc   -mlongcalls   -o CMakeFiles/cmTC_cd120.dir/CheckIncludeFile.c.obj -c /home/kalata23/github/esp32s2-cookbook/ch32v003programmer/bootloader/CMakeFiles/CMakeScratch/TryCompile-8K72iC/CheckIncludeFile.c
Linking C executable cmTC_cd120
/usr/bin/cmake -E cmake_link_script CMakeFiles/cmTC_cd120.dir/link.txt --verbose=1
/home/kalata23/.espressif/tools/xtensa-esp32s2-elf/esp-12.2.0_20230208/xtensa-esp32s2-elf/bin/xtensa-esp32s2-elf-gcc -mlongcalls   CMakeFiles/cmTC_cd120.dir/CheckIncludeFile.c.obj -o cmTC_cd120 
gmake[4]: Leaving directory '/home/kalata23/github/esp32s2-cookbook/ch32v003programmer/bootloader/CMakeFiles/CMakeScratch/TryCompile-8K72iC'
gmake[3]: Leaving directory '/home/kalata23/github/esp32s2-cookbook/ch32v003programmer/bootloader/CMakeFiles/CMakeScratch/TryCompile-8K72iC'



Determining if the include file stdint.h exists passed with the following output:
Change Dir: /home/kalata23/github/esp32s2-cookbook/ch32v003programmer/bootloader/CMakeFiles/CMakeScratch/TryCompile-ZUXnMv

Run Build Command(s):/usr/bin/gmake -f Makefile cmTC_0d335/fast && gmake[3]: Entering directory '/home/kalata23/github/esp32s2-cookbook/ch32v003programmer/bootloader/CMakeFiles/CMakeScratch/TryCompile-ZUXnMv'
/usr/bin/gmake  -f CMakeFiles/cmTC_0d335.dir/build.make CMakeFiles/cmTC_0d335.dir/build
gmake[4]: Entering directory '/home/kalata23/github/esp32s2-cookbook/ch32v003programmer/bootloader/CMakeFiles/CMakeScratch/TryCompile-ZUXnMv'
Building C object CMakeFiles/cmTC_0d335.dir/CheckIncludeFile.c.obj
/home/kalata23/.espressif/tools/xtensa-esp32s2-elf/esp-12.2.0_20230208/xtensa-esp32s2-elf/bin/xtensa-esp32s2-elf-gcc   -mlongcalls   -o CMakeFiles/cmTC_0d335.dir/CheckIncludeFile.c.obj -c /home/kalata23/github/esp32s2-cookbook/ch32v003programmer/bootloader/CMakeFiles/CMakeScratch/TryCompile-ZUXnMv/CheckIncludeFile.c
Linking C executable cmTC_0d335
/usr/bin/cmake -E cmake_link_script CMakeFiles/cmTC_0d335.dir/link.txt --verbose=1
/home/kalata23/.espressif/tools/xtensa-esp32s2-elf/esp-12.2.0_20230208/xtensa-esp32s2-elf/bin/xtensa-esp32s2-elf-gcc -mlongcalls   CMakeFiles/cmTC_0d335.dir/CheckIncludeFile.c.obj -o cmTC_0d335 
gmake[4]: Leaving directory '/home/kalata23/github/esp32s2-cookbook/ch32v003programmer/bootloader/CMakeFiles/CMakeScratch/TryCompile-ZUXnMv'
gmake[3]: Leaving directory '/home/kalata23/github/esp32s2-cookbook/ch32v003programmer/bootloader/CMakeFiles/CMakeScratch/TryCompile-ZUXnMv'



Determining if the include file stddef.h exists passed with the following output:
Change Dir: /home/kalata23/github/esp32s2-cookbook/ch32v003programmer/bootloader/CMakeFiles/CMakeScratch/TryCompile-BZDhIC

Run Build Command(s):/usr/bin/gmake -f Makefile cmTC_1d1c4/fast && gmake[3]: Entering directory '/home/kalata23/github/esp32s2-cookbook/ch32v003programmer/bootloader/CMakeFiles/CMakeScratch/TryCompile-BZDhIC'
/usr/bin/gmake  -f CMakeFiles/cmTC_1d1c4.dir/build.make CMakeFiles/cmTC_1d1c4.dir/build
gmake[4]: Entering directory '/home/kalata23/github/esp32s2-cookbook/ch32v003programmer/bootloader/CMakeFiles/CMakeScratch/TryCompile-BZDhIC'
Building C object CMakeFiles/cmTC_1d1c4.dir/CheckIncludeFile.c.obj
/home/kalata23/.espressif/tools/xtensa-esp32s2-elf/esp-12.2.0_20230208/xtensa-esp32s2-elf/bin/xtensa-esp32s2-elf-gcc   -mlongcalls   -o CMakeFiles/cmTC_1d1c4.dir/CheckIncludeFile.c.obj -c /home/kalata23/github/esp32s2-cookbook/ch32v003programmer/bootloader/CMakeFiles/CMakeScratch/TryCompile-BZDhIC/CheckIncludeFile.c
Linking C executable cmTC_1d1c4
/usr/bin/cmake -E cmake_link_script CMakeFiles/cmTC_1d1c4.dir/link.txt --verbose=1
/home/kalata23/.espressif/tools/xtensa-esp32s2-elf/esp-12.2.0_20230208/xtensa-esp32s2-elf/bin/xtensa-esp32s2-elf-gcc -mlongcalls   CMakeFiles/cmTC_1d1c4.dir/CheckIncludeFile.c.obj -o cmTC_1d1c4 
gmake[4]: Leaving directory '/home/kalata23/github/esp32s2-cookbook/ch32v003programmer/bootloader/CMakeFiles/CMakeScratch/TryCompile-BZDhIC'
gmake[3]: Leaving directory '/home/kalata23/github/esp32s2-cookbook/ch32v003programmer/bootloader/CMakeFiles/CMakeScratch/TryCompile-BZDhIC'



Determining size of time_t passed with the following output:
Change Dir: /home/kalata23/github/esp32s2-cookbook/ch32v003programmer/bootloader/CMakeFiles/CMakeScratch/TryCompile-inbpyJ

Run Build Command(s):/usr/bin/gmake -f Makefile cmTC_c8d41/fast && gmake[3]: Entering directory '/home/kalata23/github/esp32s2-cookbook/ch32v003programmer/bootloader/CMakeFiles/CMakeScratch/TryCompile-inbpyJ'
/usr/bin/gmake  -f CMakeFiles/cmTC_c8d41.dir/build.make CMakeFiles/cmTC_c8d41.dir/build
gmake[4]: Entering directory '/home/kalata23/github/esp32s2-cookbook/ch32v003programmer/bootloader/CMakeFiles/CMakeScratch/TryCompile-inbpyJ'
Building C object CMakeFiles/cmTC_c8d41.dir/TIME_T_SIZE.c.obj
/home/kalata23/.espressif/tools/xtensa-esp32s2-elf/esp-12.2.0_20230208/xtensa-esp32s2-elf/bin/xtensa-esp32s2-elf-gcc   -mlongcalls   -o CMakeFiles/cmTC_c8d41.dir/TIME_T_SIZE.c.obj -c /home/kalata23/github/esp32s2-cookbook/ch32v003programmer/bootloader/CMakeFiles/CMakeScratch/TryCompile-inbpyJ/TIME_T_SIZE.c
Linking C executable cmTC_c8d41
/usr/bin/cmake -E cmake_link_script CMakeFiles/cmTC_c8d41.dir/link.txt --verbose=1
/home/kalata23/.espressif/tools/xtensa-esp32s2-elf/esp-12.2.0_20230208/xtensa-esp32s2-elf/bin/xtensa-esp32s2-elf-gcc -mlongcalls   CMakeFiles/cmTC_c8d41.dir/TIME_T_SIZE.c.obj -o cmTC_c8d41 
gmake[4]: Leaving directory '/home/kalata23/github/esp32s2-cookbook/ch32v003programmer/bootloader/CMakeFiles/CMakeScratch/TryCompile-inbpyJ'
gmake[3]: Leaving directory '/home/kalata23/github/esp32s2-cookbook/ch32v003programmer/bootloader/CMakeFiles/CMakeScratch/TryCompile-inbpyJ'



